#
# There is insufficient memory for the Java Runtime Environment to continue.
# Native memory allocation (malloc) failed to allocate 32744 bytes for ChunkPool::allocate
# Possible reasons:
#   The system is out of physical RAM or swap space
#   The process is running with CompressedOops enabled, and the Java Heap may be blocking the growth of the native heap
# Possible solutions:
#   Reduce memory load on the system
#   Increase physical memory or swap space
#   Check if swap backing store is full
#   Decrease Java heap size (-Xmx/-Xms)
#   Decrease number of Java threads
#   Decrease Java thread stack sizes (-Xss)
#   Set larger code cache with -XX:ReservedCodeCacheSize=
#   JVM is running with Zero Based Compressed Oops mode in which the Java heap is
#     placed in the first 32GB address space. The Java Heap base address is the
#     maximum limit for the native heap growth. Please use -XX:HeapBaseMinAddress
#     to set the Java Heap base and to place the Java Heap above 32GB virtual address.
# This output file may be truncated or incomplete.
#
#  Out of Memory Error (allocation.cpp:273), pid=25656, tid=0x00000000000067e8
#
# JRE version: Java(TM) SE Runtime Environment (8.0_201-b09) (build 1.8.0_201-b09)
# Java VM: Java HotSpot(TM) 64-Bit Server VM (25.201-b09 mixed mode windows-amd64 compressed oops)
# Failed to write core dump. Minidumps are not enabled by default on client versions of Windows
#

---------------  T H R E A D  ---------------

Current thread (0x000000001e109800):  JavaThread "C1 CompilerThread3" daemon [_thread_in_native, id=26600, stack(0x000000001fa60000,0x000000001fb60000)]

Stack: [0x000000001fa60000,0x000000001fb60000]
[error occurred during error reporting (printing stack bounds), id 0xc0000005]

Native frames: (J=compiled Java code, j=interpreted, Vv=VM code, C=native code)


Current CompileTask:
C1: 134750 4225       3       sun.java2d.SurfaceData::validatePipe (785 bytes)


---------------  P R O C E S S  ---------------

Java Threads: ( => current thread )
  0x000000002b225000 JavaThread "Timer-1" [_thread_blocked, id=15768, stack(0x00000000498d0000,0x00000000499d0000)]
  0x000000002b223800 JavaThread "Image Fetcher 0" daemon [_thread_blocked, id=21024, stack(0x00000000497d0000,0x00000000498d0000)]
  0x000000002b356000 JavaThread "InterruptTimer" daemon [_thread_blocked, id=13084, stack(0x00000000492c0000,0x00000000493c0000)]
  0x000000002bafa000 JavaThread "oracle.jdbc.driver.BlockSource.ThreadedCachingBlockSource.BlockReleaser" daemon [_thread_blocked, id=19240, stack(0x0000000048fc0000,0x00000000490c0000)]
  0x000000003759f800 JavaThread "Timer-0" daemon [_thread_blocked, id=24656, stack(0x0000000028b80000,0x0000000028c80000)]
  0x00000000201c2800 JavaThread "TimerQueue" daemon [_thread_blocked, id=8008, stack(0x000000002a310000,0x000000002a410000)]
  0x00000000201ad800 JavaThread "D3D Screen Updater" daemon [_thread_in_native, id=14660, stack(0x00000000293a0000,0x00000000294a0000)]
  0x0000000002c43800 JavaThread "DestroyJavaVM" [_thread_blocked, id=14092, stack(0x0000000002a50000,0x0000000002b50000)]
  0x000000001ffba800 JavaThread "AWT-EventQueue-0" [_thread_blocked, id=19736, stack(0x00000000212f0000,0x00000000213f0000)]
  0x000000001ffa7800 JavaThread "AWT-Windows" daemon [_thread_in_native, id=22376, stack(0x00000000208d0000,0x00000000209d0000)]
  0x000000001ffa0800 JavaThread "AWT-Shutdown" [_thread_blocked, id=11936, stack(0x00000000207d0000,0x00000000208d0000)]
  0x000000001ffa0000 JavaThread "Java2D Disposer" daemon [_thread_blocked, id=11012, stack(0x00000000206d0000,0x00000000207d0000)]
  0x000000001e18c000 JavaThread "Service Thread" daemon [_thread_blocked, id=23488, stack(0x000000001fb60000,0x000000001fc60000)]
=>0x000000001e109800 JavaThread "C1 CompilerThread3" daemon [_thread_in_native, id=26600, stack(0x000000001fa60000,0x000000001fb60000)]
  0x000000001e108800 JavaThread "C2 CompilerThread2" daemon [_thread_blocked, id=12980, stack(0x000000001f960000,0x000000001fa60000)]
  0x000000001e106000 JavaThread "C2 CompilerThread1" daemon [_thread_blocked, id=5548, stack(0x000000001f860000,0x000000001f960000)]
  0x000000001c9fc000 JavaThread "C2 CompilerThread0" daemon [_thread_blocked, id=15044, stack(0x000000001f760000,0x000000001f860000)]
  0x000000001c9fa000 JavaThread "Attach Listener" daemon [_thread_blocked, id=21060, stack(0x000000001f660000,0x000000001f760000)]
  0x000000001c9f9000 JavaThread "Signal Dispatcher" daemon [_thread_blocked, id=25596, stack(0x000000001f560000,0x000000001f660000)]
  0x0000000002d3c000 JavaThread "Finalizer" daemon [_thread_blocked, id=24540, stack(0x000000001f340000,0x000000001f440000)]
  0x000000001e0e3000 JavaThread "Reference Handler" daemon [_thread_blocked, id=8980, stack(0x000000001f240000,0x000000001f340000)]

Other Threads:
  0x000000001c9e6800 VMThread [stack: 0x000000001f140000,0x000000001f240000] [id=2104]
  0x000000001e1aa000 WatcherThread [stack: 0x000000001fc60000,0x000000001fd60000] [id=15300]

VM state:not at safepoint (normal execution)

VM Mutex/Monitor currently owned by a thread: None

heap address: 0x00000006c0c00000, size: 4084 MB, Compressed Oops mode: Zero based, Oop shift amount: 3
Narrow klass base: 0x0000000000000000, Narrow klass shift: 3
Compressed class space size: 1073741824 Address: 0x00000007c0000000

Heap:
 PSYoungGen      total 607232K, used 537970K [0x000000076af00000, 0x0000000792d80000, 0x00000007c0000000)
  eden space 572928K, 92% used [0x000000076af00000,0x000000078b4f7220,0x000000078de80000)
  from space 34304K, 22% used [0x0000000790c00000,0x00000007913658e8,0x0000000792d80000)
  to   space 40448K, 0% used [0x000000078de80000,0x000000078de80000,0x0000000790600000)
 ParOldGen       total 119808K, used 26264K [0x00000006c0c00000, 0x00000006c8100000, 0x000000076af00000)
  object space 119808K, 21% used [0x00000006c0c00000,0x00000006c25a6380,0x00000006c8100000)
 Metaspace       used 26024K, capacity 26374K, committed 26672K, reserved 1073152K
  class space    used 3235K, capacity 3351K, committed 3376K, reserved 1048576K

Card table byte_map: [0x0000000012100000,0x0000000012900000] byte_map_base: 0x000000000eafa000

Marking Bits: (ParMarkBitMap*) 0x0000000053e84ce0
 Begin Bits: [0x0000000013860000, 0x0000000017830000)
 End Bits:   [0x0000000017830000, 0x000000001b800000)

Polling page: 0x00000000007d0000

CodeCache: size=245760Kb used=10169Kb max_used=11477Kb free=235590Kb
 bounds [0x0000000002d40000, 0x00000000038b0000, 0x0000000011d40000]
 total_blobs=3745 nmethods=3100 adapters=556
 compilation: enabled

Compilation events (10 events):
Event: 134.724 Thread 0x000000001e108800 nmethod 4220 0x000000000306d010 code [0x000000000306d160, 0x000000000306d1d8]
Event: 134.736 Thread 0x000000001e109800 4221       3       java.awt.image.SinglePixelPackedSampleModel::<init> (277 bytes)
Event: 134.737 Thread 0x000000001e109800 nmethod 4221 0x00000000034b3050 code [0x00000000034b3340, 0x00000000034b4b38]
Event: 134.745 Thread 0x000000001e106000 4223       4       sun.java2d.d3d.D3DSurfaceData$1Status::<init> (15 bytes)
Event: 134.745 Thread 0x000000001e109800 4222   !   3       sun.java2d.d3d.D3DSurfaceData::initSurface (81 bytes)
Event: 134.745 Thread 0x000000001e106000 nmethod 4223 0x0000000002ecb650 code [0x0000000002ecb780, 0x0000000002ecb7f8]
Event: 134.745 Thread 0x000000001e109800 nmethod 4222 0x0000000003296290 code [0x0000000003296580, 0x0000000003298048]
Event: 134.746 Thread 0x000000001c9fc000 4224       4       sun.java2d.d3d.D3DSurfaceData$1::<init> (15 bytes)
Event: 134.746 Thread 0x000000001c9fc000 nmethod 4224 0x0000000002fbe810 code [0x0000000002fbe940, 0x0000000002fbe9b8]
Event: 134.747 Thread 0x000000001e109800 4225       3       sun.java2d.SurfaceData::validatePipe (785 bytes)

GC Heap History (10 events):
Event: 44.004 GC heap before
{Heap before GC invocations=10 (full 1):
 PSYoungGen      total 280576K, used 269399K [0x000000076af00000, 0x000000077ef80000, 0x00000007c0000000)
  eden space 239104K, 100% used [0x000000076af00000,0x0000000779880000,0x0000000779880000)
  from space 41472K, 73% used [0x000000077c380000,0x000000077e115cd8,0x000000077ec00000)
  to   space 44032K, 0% used [0x0000000779880000,0x0000000779880000,0x000000077c380000)
 ParOldGen       total 72704K, used 33689K [0x00000006c0c00000, 0x00000006c5300000, 0x000000076af00000)
  object space 72704K, 46% used [0x00000006c0c00000,0x00000006c2ce6488,0x00000006c5300000)
 Metaspace       used 25544K, capacity 25860K, committed 26160K, reserved 1073152K
  class space    used 3172K, capacity 3286K, committed 3376K, reserved 1048576K
Event: 44.014 GC heap after
Heap after GC invocations=10 (full 1):
 PSYoungGen      total 283136K, used 5849K [0x000000076af00000, 0x0000000787000000, 0x00000007c0000000)
  eden space 239104K, 0% used [0x000000076af00000,0x000000076af00000,0x0000000779880000)
  from space 44032K, 13% used [0x0000000779880000,0x0000000779e36610,0x000000077c380000)
  to   space 43520K, 0% used [0x0000000784580000,0x0000000784580000,0x0000000787000000)
 ParOldGen       total 72704K, used 60822K [0x00000006c0c00000, 0x00000006c5300000, 0x000000076af00000)
  object space 72704K, 83% used [0x00000006c0c00000,0x00000006c4765b68,0x00000006c5300000)
 Metaspace       used 25544K, capacity 25860K, committed 26160K, reserved 1073152K
  class space    used 3172K, capacity 3286K, committed 3376K, reserved 1048576K
}
Event: 44.014 GC heap before
{Heap before GC invocations=11 (full 2):
 PSYoungGen      total 283136K, used 5849K [0x000000076af00000, 0x0000000787000000, 0x00000007c0000000)
  eden space 239104K, 0% used [0x000000076af00000,0x000000076af00000,0x0000000779880000)
  from space 44032K, 13% used [0x0000000779880000,0x0000000779e36610,0x000000077c380000)
  to   space 43520K, 0% used [0x0000000784580000,0x0000000784580000,0x0000000787000000)
 ParOldGen       total 72704K, used 60822K [0x00000006c0c00000, 0x00000006c5300000, 0x000000076af00000)
  object space 72704K, 83% used [0x00000006c0c00000,0x00000006c4765b68,0x00000006c5300000)
 Metaspace       used 25544K, capacity 25860K, committed 26160K, reserved 1073152K
  class space    used 3172K, capacity 3286K, committed 3376K, reserved 1048576K
Event: 44.037 GC heap after
Heap after GC invocations=11 (full 2):
 PSYoungGen      total 283136K, used 0K [0x000000076af00000, 0x0000000787000000, 0x00000007c0000000)
  eden space 239104K, 0% used [0x000000076af00000,0x000000076af00000,0x0000000779880000)
  from space 44032K, 0% used [0x0000000779880000,0x0000000779880000,0x000000077c380000)
  to   space 43520K, 0% used [0x0000000784580000,0x0000000784580000,0x0000000787000000)
 ParOldGen       total 119808K, used 23968K [0x00000006c0c00000, 0x00000006c8100000, 0x000000076af00000)
  object space 119808K, 20% used [0x00000006c0c00000,0x00000006c2368370,0x00000006c8100000)
 Metaspace       used 25544K, capacity 25860K, committed 26160K, reserved 1073152K
  class space    used 3172K, capacity 3286K, committed 3376K, reserved 1048576K
}
Event: 58.406 GC heap before
{Heap before GC invocations=12 (full 2):
 PSYoungGen      total 283136K, used 239104K [0x000000076af00000, 0x0000000787000000, 0x00000007c0000000)
  eden space 239104K, 100% used [0x000000076af00000,0x0000000779880000,0x0000000779880000)
  from space 44032K, 0% used [0x0000000779880000,0x0000000779880000,0x000000077c380000)
  to   space 43520K, 0% used [0x0000000784580000,0x0000000784580000,0x0000000787000000)
 ParOldGen       total 119808K, used 23968K [0x00000006c0c00000, 0x00000006c8100000, 0x000000076af00000)
  object space 119808K, 20% used [0x00000006c0c00000,0x00000006c2368370,0x00000006c8100000)
 Metaspace       used 25900K, capacity 26246K, committed 26672K, reserved 1073152K
  class space    used 3234K, capacity 3351K, committed 3376K, reserved 1048576K
Event: 58.415 GC heap after
Heap after GC invocations=12 (full 2):
 PSYoungGen      total 416768K, used 5334K [0x000000076af00000, 0x0000000787000000, 0x00000007c0000000)
  eden space 373248K, 0% used [0x000000076af00000,0x000000076af00000,0x0000000781b80000)
  from space 43520K, 12% used [0x0000000784580000,0x0000000784ab58e8,0x0000000787000000)
  to   space 43008K, 0% used [0x0000000781b80000,0x0000000781b80000,0x0000000784580000)
 ParOldGen       total 119808K, used 23976K [0x00000006c0c00000, 0x00000006c8100000, 0x000000076af00000)
  object space 119808K, 20% used [0x00000006c0c00000,0x00000006c236a370,0x00000006c8100000)
 Metaspace       used 25900K, capacity 26246K, committed 26672K, reserved 1073152K
  class space    used 3234K, capacity 3351K, committed 3376K, reserved 1048576K
}
Event: 80.446 GC heap before
{Heap before GC invocations=13 (full 2):
 PSYoungGen      total 416768K, used 378582K [0x000000076af00000, 0x0000000787000000, 0x00000007c0000000)
  eden space 373248K, 100% used [0x000000076af00000,0x0000000781b80000,0x0000000781b80000)
  from space 43520K, 12% used [0x0000000784580000,0x0000000784ab58e8,0x0000000787000000)
  to   space 43008K, 0% used [0x0000000781b80000,0x0000000781b80000,0x0000000784580000)
 ParOldGen       total 119808K, used 23976K [0x00000006c0c00000, 0x00000006c8100000, 0x000000076af00000)
  object space 119808K, 20% used [0x00000006c0c00000,0x00000006c236a370,0x00000006c8100000)
 Metaspace       used 25977K, capacity 26310K, committed 26672K, reserved 1073152K
  class space    used 3235K, capacity 3351K, committed 3376K, reserved 1048576K
Event: 80.458 GC heap after
Heap after GC invocations=13 (full 2):
 PSYoungGen      total 416256K, used 7830K [0x000000076af00000, 0x0000000793480000, 0x00000007c0000000)
  eden space 373248K, 0% used [0x000000076af00000,0x000000076af00000,0x0000000781b80000)
  from space 43008K, 18% used [0x0000000781b80000,0x00000007823258f8,0x0000000784580000)
  to   space 41472K, 0% used [0x0000000790c00000,0x0000000790c00000,0x0000000793480000)
 ParOldGen       total 119808K, used 24104K [0x00000006c0c00000, 0x00000006c8100000, 0x000000076af00000)
  object space 119808K, 20% used [0x00000006c0c00000,0x00000006c238a370,0x00000006c8100000)
 Metaspace       used 25977K, capacity 26310K, committed 26672K, reserved 1073152K
  class space    used 3235K, capacity 3351K, committed 3376K, reserved 1048576K
}
Event: 103.194 GC heap before
{Heap before GC invocations=14 (full 2):
 PSYoungGen      total 416256K, used 381078K [0x000000076af00000, 0x0000000793480000, 0x00000007c0000000)
  eden space 373248K, 100% used [0x000000076af00000,0x0000000781b80000,0x0000000781b80000)
  from space 43008K, 18% used [0x0000000781b80000,0x00000007823258f8,0x0000000784580000)
  to   space 41472K, 0% used [0x0000000790c00000,0x0000000790c00000,0x0000000793480000)
 ParOldGen       total 119808K, used 24104K [0x00000006c0c00000, 0x00000006c8100000, 0x000000076af00000)
  object space 119808K, 20% used [0x00000006c0c00000,0x00000006c238a370,0x00000006c8100000)
 Metaspace       used 26010K, capacity 26374K, committed 26672K, reserved 1073152K
  class space    used 3235K, capacity 3351K, committed 3376K, reserved 1048576K
Event: 103.206 GC heap after
Heap after GC invocations=14 (full 2):
 PSYoungGen      total 607232K, used 7574K [0x000000076af00000, 0x0000000792d80000, 0x00000007c0000000)
  eden space 572928K, 0% used [0x000000076af00000,0x000000076af00000,0x000000078de80000)
  from space 34304K, 22% used [0x0000000790c00000,0x00000007913658e8,0x0000000792d80000)
  to   space 40448K, 0% used [0x000000078de80000,0x000000078de80000,0x0000000790600000)
 ParOldGen       total 119808K, used 26264K [0x00000006c0c00000, 0x00000006c8100000, 0x000000076af00000)
  object space 119808K, 21% used [0x00000006c0c00000,0x00000006c25a6380,0x00000006c8100000)
 Metaspace       used 26010K, capacity 26374K, committed 26672K, reserved 1073152K
  class space    used 3235K, capacity 3351K, committed 3376K, reserved 1048576K
}

Deoptimization events (10 events):
Event: 134.673 Thread 0x000000001ffba800 Uncommon trap: reason=bimorphic action=maybe_recompile pc=0x00000000030e8efc method=sun.java2d.SunGraphics2D.validateColor()V @ 95
Event: 134.673 Thread 0x000000001ffba800 Uncommon trap: reason=bimorphic action=maybe_recompile pc=0x0000000003837194 method=sun.java2d.SunGraphics2D.validateColor()V @ 95
Event: 134.673 Thread 0x000000001ffba800 Uncommon trap: reason=bimorphic action=maybe_recompile pc=0x0000000003419738 method=sun.java2d.SunGraphics2D.validatePipe()V @ 25
Event: 134.673 Thread 0x000000001ffba800 Uncommon trap: reason=bimorphic action=maybe_recompile pc=0x000000000318ecec method=sun.java2d.SunGraphics2D.validateColor()V @ 95
Event: 134.673 Thread 0x000000001ffba800 Uncommon trap: reason=bimorphic action=maybe_recompile pc=0x00000000030a6964 method=sun.java2d.SunGraphics2D.validateColor()V @ 95
Event: 134.674 Thread 0x000000001ffba800 Uncommon trap: reason=unstable_if action=reinterpret pc=0x00000000031a2f28 method=sun.java2d.SurfaceData.getSourceSurfaceData(Ljava/awt/Image;ILsun/java2d/loops/CompositeType;Ljava/awt/Color;)Lsun/java2d/SurfaceData; @ 64
Event: 134.681 Thread 0x000000001ffba800 Uncommon trap: reason=bimorphic action=maybe_recompile pc=0x00000000034314cc method=sun.java2d.SunGraphics2D.validateColor()V @ 95
Event: 134.681 Thread 0x000000001ffba800 Uncommon trap: reason=bimorphic action=maybe_recompile pc=0x0000000003419738 method=sun.java2d.SunGraphics2D.validatePipe()V @ 25
Event: 134.681 Thread 0x000000001ffba800 Uncommon trap: reason=bimorphic action=maybe_recompile pc=0x0000000003419738 method=sun.java2d.SunGraphics2D.validatePipe()V @ 25
Event: 134.681 Thread 0x000000001ffba800 Uncommon trap: reason=bimorphic action=maybe_recompile pc=0x0000000003017340 method=sun.java2d.SunGraphics2D.validateColor()V @ 95

Classes redefined (0 events):
No events

Internal exceptions (10 events):
Event: 11.129 Thread 0x000000001ffba800 Implicit null exception at 0x00000000034ff4bb to 0x0000000003500aa1
Event: 11.130 Thread 0x000000001ffba800 Implicit null exception at 0x00000000032f9123 to 0x00000000032f9371
Event: 11.503 Thread 0x000000001ffba800 Implicit null exception at 0x00000000033ede2a to 0x00000000033ee779
Event: 13.245 Thread 0x000000001ffba800 Implicit null exception at 0x00000000032f4aa7 to 0x00000000032f50f1
Event: 24.562 Thread 0x000000001ffba800 Implicit null exception at 0x0000000003094d62 to 0x00000000030960f5
Event: 44.958 Thread 0x000000001ffba800 Exception <a 'java/lang/NullPointerException'> (0x000000076ba11700) thrown at [C:\re\workspace\8-2-build-windows-amd64-cygwin\jdk8u201\12322\hotspot\src\share\vm\interpreter\linkResolver.cpp, line 1185]
Event: 44.973 Thread 0x000000001ffba800 Implicit null exception at 0x0000000003468d93 to 0x0000000003469271
Event: 45.006 Thread 0x000000001ffba800 Implicit null exception at 0x00000000032c2c6a to 0x00000000032c4199
Event: 71.606 Thread 0x000000001ffba800 Exception <a 'java/lang/NullPointerException'> (0x00000007785ef010) thrown at [C:\re\workspace\8-2-build-windows-amd64-cygwin\jdk8u201\12322\hotspot\src\share\vm\interpreter\linkResolver.cpp, line 1185]
Event: 87.901 Thread 0x000000001ffba800 Exception <a 'java/lang/NullPointerException'> (0x00000007715c9dd8) thrown at [C:\re\workspace\8-2-build-windows-amd64-cygwin\jdk8u201\12322\hotspot\src\share\vm\interpreter\linkResolver.cpp, line 1185]

Events (10 events):
Event: 134.681 Thread 0x000000001ffba800 Uncommon trap: trap_request=0xffffffc6 fr.pc=0x0000000003419738
Event: 134.681 Thread 0x000000001ffba800 DEOPT PACKING pc=0x0000000003419738 sp=0x00000000213ed140
Event: 134.681 Thread 0x000000001ffba800 DEOPT UNPACKING pc=0x0000000002d8583b sp=0x00000000213ecfc0 mode 2
Event: 134.681 Thread 0x000000001ffba800 Uncommon trap: trap_request=0xffffffc6 fr.pc=0x0000000003419738
Event: 134.681 Thread 0x000000001ffba800 DEOPT PACKING pc=0x0000000003419738 sp=0x00000000213ed420
Event: 134.681 Thread 0x000000001ffba800 DEOPT UNPACKING pc=0x0000000002d8583b sp=0x00000000213ed2a0 mode 2
Event: 134.681 Thread 0x000000001ffba800 Uncommon trap: trap_request=0xffffffc6 fr.pc=0x0000000003017340
Event: 134.681 Thread 0x000000001ffba800 DEOPT PACKING pc=0x0000000003017340 sp=0x00000000213ed290
Event: 134.681 Thread 0x000000001ffba800 DEOPT UNPACKING pc=0x0000000002d8583b sp=0x00000000213ed180 mode 2
Event: 134.687 Thread 0x000000001e109800 flushing nmethod 0x00000000035a2010


Dynamic libraries:
0x00007ff640e00000 - 0x00007ff640e37000 	C:\Program Files\Java\jdk1.8.0_201\bin\java.exe
0x00007ff803420000 - 0x00007ff803610000 	C:\WINDOWS\SYSTEM32\ntdll.dll
0x00007ff8025b0000 - 0x00007ff802662000 	C:\WINDOWS\System32\KERNEL32.DLL
0x00007ff8004f0000 - 0x00007ff800794000 	C:\WINDOWS\System32\KERNELBASE.dll
0x00007ff801740000 - 0x00007ff8017e3000 	C:\WINDOWS\System32\ADVAPI32.dll
0x00007ff801970000 - 0x00007ff801a0e000 	C:\WINDOWS\System32\msvcrt.dll
0x00007ff801b20000 - 0x00007ff801bb7000 	C:\WINDOWS\System32\sechost.dll
0x00007ff801850000 - 0x00007ff801970000 	C:\WINDOWS\System32\RPCRT4.dll
0x00007ff8014d0000 - 0x00007ff801664000 	C:\WINDOWS\System32\USER32.dll
0x00007ff8004c0000 - 0x00007ff8004e1000 	C:\WINDOWS\System32\win32u.dll
0x00007ff802520000 - 0x00007ff802546000 	C:\WINDOWS\System32\GDI32.dll
0x00007ff801310000 - 0x00007ff8014a4000 	C:\WINDOWS\System32\gdi32full.dll
0x00007ff801070000 - 0x00007ff80110e000 	C:\WINDOWS\System32\msvcp_win.dll
0x00007ff8007f0000 - 0x00007ff8008ea000 	C:\WINDOWS\System32\ucrtbase.dll
0x00007ffff0820000 - 0x00007ffff0aa4000 	C:\WINDOWS\WinSxS\amd64_microsoft.windows.common-controls_6595b64144ccf1df_6.0.18362.836_none_e6c4b943130f18ed\COMCTL32.dll
0x00007ff802960000 - 0x00007ff802c96000 	C:\WINDOWS\System32\combase.dll
0x00007ff8003b0000 - 0x00007ff800430000 	C:\WINDOWS\System32\bcryptPrimitives.dll
0x00007ff8024f0000 - 0x00007ff80251e000 	C:\WINDOWS\System32\IMM32.DLL
0x0000000052f80000 - 0x0000000053051000 	C:\Program Files\Java\jdk1.8.0_201\jre\bin\msvcr100.dll
0x0000000053660000 - 0x0000000053f04000 	C:\Program Files\Java\jdk1.8.0_201\jre\bin\server\jvm.dll
0x00007ff802950000 - 0x00007ff802958000 	C:\WINDOWS\System32\PSAPI.DLL
0x00007fffef250000 - 0x00007fffef259000 	C:\WINDOWS\SYSTEM32\WSOCK32.dll
0x00007ffffe3f0000 - 0x00007ffffe414000 	C:\WINDOWS\SYSTEM32\WINMM.dll
0x00007ffffb010000 - 0x00007ffffb01a000 	C:\WINDOWS\SYSTEM32\VERSION.dll
0x00007ff801d80000 - 0x00007ff801def000 	C:\WINDOWS\System32\WS2_32.dll
0x00007ffffe290000 - 0x00007ffffe2bd000 	C:\WINDOWS\SYSTEM32\winmmbase.dll
0x00007ff8007a0000 - 0x00007ff8007ea000 	C:\WINDOWS\System32\cfgmgr32.dll
0x00007fffbb930000 - 0x00007fffbb93f000 	C:\Program Files\Java\jdk1.8.0_201\jre\bin\verify.dll
0x00007fffbb900000 - 0x00007fffbb929000 	C:\Program Files\Java\jdk1.8.0_201\jre\bin\java.dll
0x00007fffbb870000 - 0x00007fffbb886000 	C:\Program Files\Java\jdk1.8.0_201\jre\bin\zip.dll
0x00007ff801e00000 - 0x00007ff8024e4000 	C:\WINDOWS\System32\SHELL32.dll
0x00007ff801a10000 - 0x00007ff801ab9000 	C:\WINDOWS\System32\shcore.dll
0x00007ff8008f0000 - 0x00007ff80106e000 	C:\WINDOWS\System32\windows.storage.dll
0x00007ff800310000 - 0x00007ff800333000 	C:\WINDOWS\System32\profapi.dll
0x00007ff800340000 - 0x00007ff80038a000 	C:\WINDOWS\System32\powrprof.dll
0x00007ff8002e0000 - 0x00007ff8002f0000 	C:\WINDOWS\System32\UMPDC.dll
0x00007ff801ac0000 - 0x00007ff801b12000 	C:\WINDOWS\System32\shlwapi.dll
0x00007ff8002f0000 - 0x00007ff800301000 	C:\WINDOWS\System32\kernel.appcore.dll
0x00007ff8014b0000 - 0x00007ff8014c7000 	C:\WINDOWS\System32\cryptsp.dll
0x00007fff94f50000 - 0x00007fff950e9000 	C:\Program Files\Java\jdk1.8.0_201\jre\bin\awt.dll
0x00007ff803110000 - 0x00007ff8031d4000 	C:\WINDOWS\System32\OLEAUT32.dll
0x00007ffffe540000 - 0x00007ffffe5cf000 	C:\WINDOWS\SYSTEM32\apphelp.dll
0x00007ffffe8d0000 - 0x00007ffffe969000 	C:\WINDOWS\system32\uxtheme.dll
0x00007ff801c40000 - 0x00007ff801d76000 	C:\WINDOWS\System32\MSCTF.dll
0x0000000180000000 - 0x0000000180272000 	C:\Program Files (x86)\RivaTuner Statistics Server\RTSSHooks64.dll
0x00007ff803210000 - 0x00007ff803367000 	C:\WINDOWS\System32\ole32.dll
0x00007ffffeb80000 - 0x00007ffffebad000 	C:\WINDOWS\system32\DWMAPI.DLL
0x00007fff92090000 - 0x00007fff920d7000 	C:\Program Files\Java\jdk1.8.0_201\jre\bin\fontmanager.dll
0x00007fff94df0000 - 0x00007fff94f46000 	C:\WINDOWS\system32\opengl32.dll
0x00007fff94dc0000 - 0x00007fff94dec000 	C:\WINDOWS\SYSTEM32\GLU32.dll
0x00007ffffef40000 - 0x00007ffffef60000 	C:\WINDOWS\SYSTEM32\dxcore.dll
0x00007fffd65e0000 - 0x00007fffd67a7000 	C:\WINDOWS\system32\d3d9.dll
0x00007ffff7690000 - 0x00007ffff777f000 	C:\WINDOWS\System32\DriverStore\FileRepository\nv_dispi.inf_amd64_9952681a7bb1dfac\nvldumdx.dll
0x00007ff801110000 - 0x00007ff801259000 	C:\WINDOWS\System32\crypt32.dll
0x00007ff800390000 - 0x00007ff8003a2000 	C:\WINDOWS\System32\MSASN1.dll
0x00007ffffafe0000 - 0x00007ffffb00f000 	C:\WINDOWS\SYSTEM32\cryptnet.dll
0x00007ff800010000 - 0x00007ff80001c000 	C:\WINDOWS\SYSTEM32\cryptbase.dll
0x00007ff800430000 - 0x00007ff80048c000 	C:\WINDOWS\System32\WINTRUST.DLL
0x00007ff8031f0000 - 0x00007ff80320d000 	C:\WINDOWS\System32\imagehlp.dll
0x00007fffff650000 - 0x00007fffff683000 	C:\WINDOWS\system32\rsaenh.dll
0x00007ff800490000 - 0x00007ff8004b6000 	C:\WINDOWS\System32\bcrypt.dll
0x00007fff9e880000 - 0x00007fff9fda3000 	C:\WINDOWS\System32\DriverStore\FileRepository\nv_dispi.inf_amd64_9952681a7bb1dfac\nvd3dumx.dll
0x00007fffbacf0000 - 0x00007fffbafa7000 	C:\WINDOWS\system32\nvspcap64.dll
0x00007fffff330000 - 0x00007fffff361000 	C:\WINDOWS\SYSTEM32\ntmarta.dll
0x00007ffffeef0000 - 0x00007ffffef12000 	C:\WINDOWS\SYSTEM32\gpapi.dll
0x00007ff800200000 - 0x00007ff800225000 	C:\WINDOWS\SYSTEM32\USERENV.dll
0x00007fff92070000 - 0x00007fff9208a000 	C:\Program Files\Java\jdk1.8.0_201\jre\bin\net.dll
0x00007ffff26d0000 - 0x00007ffff28a6000 	C:\WINDOWS\SYSTEM32\urlmon.dll
0x00007ffff1cb0000 - 0x00007ffff1f56000 	C:\WINDOWS\SYSTEM32\iertutil.dll
0x00007fffffb30000 - 0x00007fffffb97000 	C:\WINDOWS\system32\mswsock.dll
0x00007fffff850000 - 0x00007fffff88a000 	C:\WINDOWS\SYSTEM32\IPHLPAPI.DLL
0x00007ff8031e0000 - 0x00007ff8031e8000 	C:\WINDOWS\System32\NSI.dll
0x00007ffffa860000 - 0x00007ffffa876000 	C:\WINDOWS\SYSTEM32\dhcpcsvc6.DLL
0x00007ffffa890000 - 0x00007ffffa8ac000 	C:\WINDOWS\SYSTEM32\dhcpcsvc.DLL
0x00007fffff890000 - 0x00007fffff95b000 	C:\WINDOWS\SYSTEM32\DNSAPI.dll
0x00007fff92050000 - 0x00007fff92061000 	C:\Program Files\Java\jdk1.8.0_201\jre\bin\nio.dll
0x00007ff8026f0000 - 0x00007ff802792000 	C:\WINDOWS\System32\clbcatq.dll
0x00007ffffa0a0000 - 0x00007ffffa24f000 	C:\WINDOWS\SYSTEM32\WindowsCodecs.dll
0x00007fffca3c0000 - 0x00007fffca3fa000 	C:\WINDOWS\system32\dataexchange.dll
0x00007ffffd9b0000 - 0x00007ffffdc0b000 	C:\WINDOWS\system32\d3d11.dll
0x00007ffffdc10000 - 0x00007ffffddec000 	C:\WINDOWS\system32\dcomp.dll
0x00007ffffefd0000 - 0x00007fffff0bb000 	C:\WINDOWS\system32\dxgi.dll
0x00007ffffe640000 - 0x00007ffffe8a1000 	C:\WINDOWS\system32\twinapi.appcore.dll
0x00007ffffeb50000 - 0x00007ffffeb79000 	C:\WINDOWS\system32\RMCLIENT.dll
0x00007fff92000000 - 0x00007fff92042000 	C:\Program Files\Java\jdk1.8.0_201\jre\bin\t2k.dll
0x00007fffce4e0000 - 0x00007fffce57e000 	C:\WINDOWS\System32\TextInputFramework.dll
0x00007ffffac60000 - 0x00007ffffaf8a000 	C:\WINDOWS\System32\CoreUIComponents.dll
0x00007ffffddf0000 - 0x00007ffffdec4000 	C:\WINDOWS\System32\CoreMessaging.dll
0x00007ffffb940000 - 0x00007ffffba93000 	C:\WINDOWS\SYSTEM32\wintypes.dll
0x00007fff91fd0000 - 0x00007fff91ffa000 	C:\Program Files\Java\jdk1.8.0_201\jre\bin\dcpr.dll
0x00007fffd4c40000 - 0x00007fffd4c4d000 	C:\Program Files\Java\jdk1.8.0_201\jre\bin\management.dll
0x00007ffff88a0000 - 0x00007ffff88aa000 	C:\Windows\System32\rasadhlp.dll
0x00007ffffa3a0000 - 0x00007ffffa417000 	C:\WINDOWS\System32\fwpuclnt.dll
0x00007fffd4be0000 - 0x00007fffd4c04000 	C:\Program Files\Java\jdk1.8.0_201\jre\bin\sunec.dll
0x00007ffff6540000 - 0x00007ffff6556000 	C:\WINDOWS\system32\napinsp.dll
0x00007ffff6500000 - 0x00007ffff651a000 	C:\WINDOWS\system32\pnrpnsp.dll
0x00007ffff64b0000 - 0x00007ffff64be000 	C:\WINDOWS\System32\winrnr.dll
0x00007ffffcb80000 - 0x00007ffffcb9c000 	C:\WINDOWS\system32\NLAapi.dll
0x00007ffff5ff0000 - 0x00007ffff6005000 	C:\WINDOWS\system32\wshbth.dll
0x00007fffd7170000 - 0x00007fffd71a1000 	C:\Program Files\Java\jdk1.8.0_201\jre\bin\jpeg.dll

VM Arguments:
java_command: Pages.logIn
java_class_path (initial): C:\Desarrollo\FermeEscritorio\target\classes;C:\Users\David\.m2\repository\jexcelapi\jxl\2.4.2\jxl-2.4.2.jar;C:\Users\David\.m2\repository\org\apache\poi\poi-ooxml\3.9\poi-ooxml-3.9.jar;C:\Users\David\.m2\repository\org\apache\poi\poi\3.9\poi-3.9.jar;C:\Users\David\.m2\repository\commons-codec\commons-codec\1.14\commons-codec-1.14.jar;C:\Users\David\.m2\repository\org\apache\poi\poi-ooxml-schemas\3.9\poi-ooxml-schemas-3.9.jar;C:\Users\David\.m2\repository\org\apache\xmlbeans\xmlbeans\2.3.0\xmlbeans-2.3.0.jar;C:\Users\David\.m2\repository\stax\stax-api\1.0.1\stax-api-1.0.1.jar;C:\Users\David\.m2\repository\dom4j\dom4j\1.6.1\dom4j-1.6.1.jar;C:\Users\David\.m2\repository\xml-apis\xml-apis\1.0.b2\xml-apis-1.0.b2.jar;C:\Users\David\.m2\repository\com\sun\mail\javax.mail\1.6.2\javax.mail-1.6.2.jar;C:\Users\David\.m2\repository\javax\activation\activation\1.1\activation-1.1.jar;C:\Users\David\.m2\repository\com\oracle\ojdbc\ojdbc8\19.3.0.0\ojdbc8-19.3.0.0.jar;C:\Users\David\.m2\repository\com\oracle\ojdbc\ucp\19.3.0.0\ucp-19.3.0.0.jar;C:\Users\David\.m2\repository\com\oracle\ojdbc\oraclepki\19.3.0.0\oraclepki-19.3.0.0.jar;C:\Users\David\.m2\repository\com\oracle\ojdbc\osdt_cert\19.3.0.0\osdt_cert-19.3.0.0.jar;C:\Users\David\.m2\repository\com\oracle\ojdbc\osdt_core\19.3.0.0\osdt_core-19.3.0.0.jar;C:\Users\David\.m2\repository\com\oracle\ojdbc\simplefan\19.3.0.0\simplefan-19.3.0.0.jar;C:\Users\David\.m2\repository\com\oracle\ojdbc\ons\19.3.0.0\ons-19.3.0.0.jar;C:\Users\David\.m2\repository\org\springframework\boot\spring-boot\2.3.0.RELEASE\spring-boot-2.3.0.RELEASE.jar;C:\Users\David\.m2\repository\org\springframework\spring-core\5.2.6.RELEASE\spring-core-5.2.6.RELEASE.jar;C:\Users\David\.m2\repository\org\springframework\spring-jcl\5.2.6.RELEASE\spring-jcl-5.2.6.RELEASE.jar;C:\Users\David\.m2\repository\org\springframework\spring-context\5.2.6.RELEASE\spring-context-5.2.6.RELEASE.jar;C:\Users\David\.m2\repository\org\springframework\spring-aop\
Launcher Type: SUN_STANDARD

Environment Variables:
JAVA_HOME=C:\Program Files\Java\jdk1.8.0_201
CLASSPATH=.;
PATH=C:\oraclexe\app\oracle\product\11.2.0\server\bin;;C:\Program Files (x86)\Common Files\Oracle\Java\javapath;C:\oraclexe\app\oracle\product\11.2.0\server\bin;C:\Program Files (x86)\Razer\ChromaBroadcast\bin;C:\Program Files\Razer\ChromaBroadcast\bin;C:\Windows\system32;C:\Windows;C:\Windows\System32\Wbem;C:\Windows\System32\WindowsPowerShell\v1.0\;C:\Windows\System32\OpenSSH\;C:\Program Files (x86)\NVIDIA Corporation\PhysX\Common;C:\Program Files\NVIDIA Corporation\NVIDIA NvDLISR;C:\Windows\system32\config\systemprofile\AppData\Local\Microsoft\WindowsApps;C:\Program Files\dotnet\;C:\Program Files\Microsoft SQL Server\130\Tools\Binn\;C:\Program Files\Microsoft SQL Server\Client SDK\ODBC\170\Tools\Binn\;C:\Program Files\Microsoft SQL Server\Client SDK\ODBC\130\Tools\Binn\;C:\Program Files (x86)\Microsoft SQL Server\140\Tools\Binn\;C:\Program Files\Microsoft SQL Server\140\Tools\Binn\;C:\Program Files\Microsoft SQL Server\140\DTS\Binn\;c:\Program Files\Microsoft SQL Server\110\Tools\Binn\;c:\Program Files (x86)\Microsoft SQL Server\110\Tools\Binn\;c:\Program Files\Microsoft SQL Server\110\DTS\Binn\;c:\Program Files (x86)\Microsoft SQL Server\110\Tools\Binn\ManagementStudio\;c:\Program Files (x86)\Microsoft SQL Server\110\DTS\Binn\;C:\WINDOWS\system32;C:\WINDOWS;C:\WINDOWS\System32\Wbem;C:\WINDOWS\System32\WindowsPowerShell\v1.0\;C:\WINDOWS\System32\OpenSSH\;C:\Program Files\Git\cmd;C:\ProgramData\chocolatey\bin;C:\Program Files\Java\jdk1.8.0_211\bin;C:\Program Files\NetBeans-11.1\apache-maven-3.6.3\bin;C:\Users\David\AppData\Local\Programs\Microsoft VS Code\bin
USERNAME=David
OS=Windows_NT
PROCESSOR_IDENTIFIER=Intel64 Family 6 Model 158 Stepping 10, GenuineIntel



---------------  S Y S T E M  ---------------

OS: Windows 10.0 , 64 bit Build 18362 (10.0.18362.778)

CPU:total 12 (initial active 12) (6 cores per cpu, 2 threads per core) family 6 model 158 stepping 10, cmov, cx8, fxsr, mmx, sse, sse2, sse3, ssse3, sse4.1, sse4.2, popcnt, avx, avx2, aes, clmul, erms, rtm, 3dnowpref, lzcnt, ht, tsc, tscinvbit, bmi1, bmi2, adx

Memory: 4k page, physical 16722184k(4586932k free), swap 24914184k(1028k free)

vm_info: Java HotSpot(TM) 64-Bit Server VM (25.201-b09) for windows-amd64 JRE (1.8.0_201-b09), built on Dec 15 2018 18:36:39 by "java_re" with MS VC++ 10.0 (VS2010)

time: Thu Jun 04 04:59:35 2020
timezone: Hora est. Sudamérica Pacífico
elapsed time: 134 seconds (0d 0h 2m 14s)

