#
# There is insufficient memory for the Java Runtime Environment to continue.
# Native memory allocation (malloc) failed to allocate 137936 bytes for Chunk::new
# Possible reasons:
#   The system is out of physical RAM or swap space
#   The process is running with CompressedOops enabled, and the Java Heap may be blocking the growth of the native heap
# Possible solutions:
#   Reduce memory load on the system
#   Increase physical memory or swap space
#   Check if swap backing store is full
#   Decrease Java heap size (-Xmx/-Xms)
#   Decrease number of Java threads
#   Decrease Java thread stack sizes (-Xss)
#   Set larger code cache with -XX:ReservedCodeCacheSize=
#   JVM is running with Zero Based Compressed Oops mode in which the Java heap is
#     placed in the first 32GB address space. The Java Heap base address is the
#     maximum limit for the native heap growth. Please use -XX:HeapBaseMinAddress
#     to set the Java Heap base and to place the Java Heap above 32GB virtual address.
# This output file may be truncated or incomplete.
#
#  Out of Memory Error (allocation.cpp:390), pid=32376, tid=0x00000000000008d0
#
# JRE version: Java(TM) SE Runtime Environment (8.0_201-b09) (build 1.8.0_201-b09)
# Java VM: Java HotSpot(TM) 64-Bit Server VM (25.201-b09 mixed mode windows-amd64 compressed oops)
# Failed to write core dump. Minidumps are not enabled by default on client versions of Windows
#

---------------  T H R E A D  ---------------

Current thread (0x000000001e37e800):  JavaThread "C2 CompilerThread2" daemon [_thread_in_native, id=2256, stack(0x000000001fbe0000,0x000000001fce0000)]

Stack: [0x000000001fbe0000,0x000000001fce0000]
[error occurred during error reporting (printing stack bounds), id 0xc0000005]

Native frames: (J=compiled Java code, j=interpreted, Vv=VM code, C=native code)


Current CompileTask:
C2:  73041 4270       4       sun.java2d.SunGraphics2D::<init> (180 bytes)


---------------  P R O C E S S  ---------------

Java Threads: ( => current thread )
  0x000000001e380800 JavaThread "Timer-2" [_thread_blocked, id=20788, stack(0x00000000219b0000,0x0000000021ab0000)]
  0x000000001e37f000 JavaThread "Timer-1" [_thread_blocked, id=30548, stack(0x00000000384c0000,0x00000000385c0000)]
  0x0000000020402000 JavaThread "Image Fetcher 0" daemon [_thread_blocked, id=1608, stack(0x00000000286d0000,0x00000000287d0000)]
  0x0000000020733000 JavaThread "InterruptTimer" daemon [_thread_blocked, id=26704, stack(0x0000000021380000,0x0000000021480000)]
  0x00000000205ac800 JavaThread "oracle.jdbc.driver.BlockSource.ThreadedCachingBlockSource.BlockReleaser" daemon [_thread_blocked, id=20880, stack(0x0000000021080000,0x0000000021180000)]
  0x000000002a7e3000 JavaThread "Timer-0" daemon [_thread_blocked, id=12796, stack(0x0000000020f80000,0x0000000021080000)]
  0x00000000203f7800 JavaThread "TimerQueue" daemon [_thread_blocked, id=7812, stack(0x00000000299b0000,0x0000000029ab0000)]
  0x00000000203e6800 JavaThread "D3D Screen Updater" daemon [_thread_in_native, id=27940, stack(0x0000000028f40000,0x0000000029040000)]
  0x0000000002ed3800 JavaThread "DestroyJavaVM" [_thread_blocked, id=17224, stack(0x0000000002dd0000,0x0000000002ed0000)]
  0x000000002028e800 JavaThread "AWT-EventQueue-0" [_thread_blocked, id=24100, stack(0x0000000021570000,0x0000000021670000)]
  0x00000000201e0000 JavaThread "AWT-Windows" daemon [_thread_in_vm, id=19064, stack(0x0000000020b20000,0x0000000020c20000)]
  0x0000000020235800 JavaThread "AWT-Shutdown" [_thread_blocked, id=22624, stack(0x0000000020a20000,0x0000000020b20000)]
  0x0000000020234800 JavaThread "Java2D Disposer" daemon [_thread_blocked, id=23692, stack(0x0000000020920000,0x0000000020a20000)]
  0x000000001e400000 JavaThread "Service Thread" daemon [_thread_blocked, id=13996, stack(0x000000001fde0000,0x000000001fee0000)]
  0x000000001e383800 JavaThread "C1 CompilerThread3" daemon [_thread_blocked, id=27792, stack(0x000000001fce0000,0x000000001fde0000)]
=>0x000000001e37e800 JavaThread "C2 CompilerThread2" daemon [_thread_in_native, id=2256, stack(0x000000001fbe0000,0x000000001fce0000)]
  0x000000001e377000 JavaThread "C2 CompilerThread1" daemon [_thread_blocked, id=24124, stack(0x000000001fae0000,0x000000001fbe0000)]
  0x000000001cc8d000 JavaThread "C2 CompilerThread0" daemon [_thread_blocked, id=10356, stack(0x000000001f9e0000,0x000000001fae0000)]
  0x000000001e36c800 JavaThread "Attach Listener" daemon [_thread_blocked, id=19656, stack(0x000000001f8e0000,0x000000001f9e0000)]
  0x000000001e36b800 JavaThread "Signal Dispatcher" daemon [_thread_blocked, id=18052, stack(0x000000001f7e0000,0x000000001f8e0000)]
  0x0000000002fcd000 JavaThread "Finalizer" daemon [_thread_blocked, id=20840, stack(0x000000001f5e0000,0x000000001f6e0000)]
  0x000000001e353000 JavaThread "Reference Handler" daemon [_thread_blocked, id=1196, stack(0x000000001f4e0000,0x000000001f5e0000)]

Other Threads:
  0x000000001cc76800 VMThread [stack: 0x000000001f3e0000,0x000000001f4e0000] [id=26852]
  0x000000001e41b800 WatcherThread [stack: 0x000000001fee0000,0x000000001ffe0000] [id=31940]

VM state:not at safepoint (normal execution)

VM Mutex/Monitor currently owned by a thread: None

heap address: 0x00000006c0c00000, size: 4084 MB, Compressed Oops mode: Zero based, Oop shift amount: 3
Narrow klass base: 0x0000000000000000, Narrow klass shift: 3
Compressed class space size: 1073741824 Address: 0x00000007c0000000

Heap:
 PSYoungGen      total 241664K, used 217479K [0x000000076af00000, 0x000000077b480000, 0x00000007c0000000)
  eden space 219648K, 93% used [0x000000076af00000,0x00000007776e18c0,0x0000000778580000)
  from space 22016K, 58% used [0x0000000779f00000,0x000000077ab805c8,0x000000077b480000)
  to   space 24064K, 0% used [0x0000000778580000,0x0000000778580000,0x0000000779d00000)
 ParOldGen       total 74240K, used 36773K [0x00000006c0c00000, 0x00000006c5480000, 0x000000076af00000)
  object space 74240K, 49% used [0x00000006c0c00000,0x00000006c2fe9678,0x00000006c5480000)
 Metaspace       used 26217K, capacity 26504K, committed 26800K, reserved 1073152K
  class space    used 3275K, capacity 3414K, committed 3504K, reserved 1048576K

Card table byte_map: [0x0000000012390000,0x0000000012b90000] byte_map_base: 0x000000000ed8a000

Marking Bits: (ParMarkBitMap*) 0x0000000056224ce0
 Begin Bits: [0x0000000013af0000, 0x0000000017ac0000)
 End Bits:   [0x0000000017ac0000, 0x000000001ba90000)

Polling page: 0x0000000000fd0000

CodeCache: size=245760Kb used=11869Kb max_used=11877Kb free=233890Kb
 bounds [0x0000000002fd0000, 0x0000000003b80000, 0x0000000011fd0000]
 total_blobs=3859 nmethods=3209 adapters=558
 compilation: enabled

Compilation events (10 events):
Event: 72.986 Thread 0x000000001e383800 nmethod 4265 0x0000000003b79c10 code [0x0000000003b79dc0, 0x0000000003b7a3e8]
Event: 72.991 Thread 0x000000001e383800 4266   !   3       sun.java2d.d3d.D3DBlitLoops::Blit (164 bytes)
Event: 72.994 Thread 0x000000001e383800 

Event: 73.010 Thread 0x000000001e383800 4267  s    3       sun.java2d.loops.GraphicsPrimitiveMgr::locatePrim (96 bytes)
Event: 73.010 Thread 0x000000001e383800 nmethod 4267 0x0000000003b7b490 code [0x0000000003b7b680, 0x0000000003b7c3c8]
Event: 73.015 Thread 0x000000001e383800 4268       1       sun.awt.image.IntegerInterleavedRaster::getPixelStride (5 bytes)
Event: 73.015 Thread 0x000000001e383800 nmethod 4268 0x00000000039261d0 code [0x0000000003926320, 0x0000000003926430]
Event: 73.034 Thread 0x000000001e383800 4269       3       sun.java2d.SunGraphics2D::setColor (108 bytes)
Event: 73.035 Thread 0x000000001e383800 nmethod 4269 0x0000000003b72a90 code [0x0000000003b72c20, 0x0000000003b73158]
Event: 73.037 Thread 0x000000001e37e800 4270       4       sun.java2d.SunGraphics2D::<init> (180 bytes)

GC Heap History (10 events):
Event: 26.062 GC heap before
{Heap before GC invocations=5 (full 0):
 PSYoungGen      total 76288K, used 11413K [0x000000076af00000, 0x0000000770400000, 0x00000007c0000000)
  eden space 65536K, 6% used [0x000000076af00000,0x000000076b304210,0x000000076ef00000)
  from space 10752K, 67% used [0x000000076f980000,0x00000007700a1378,0x0000000770400000)
  to   space 10752K, 0% used [0x000000076ef00000,0x000000076ef00000,0x000000076f980000)
 ParOldGen       total 175104K, used 56K [0x00000006c0c00000, 0x00000006cb700000, 0x000000076af00000)
  object space 175104K, 0% used [0x00000006c0c00000,0x00000006c0c0e000,0x00000006cb700000)
 Metaspace       used 20850K, capacity 21114K, committed 21296K, reserved 1069056K
  class space    used 2500K, capacity 2586K, committed 2608K, reserved 1048576K
Event: 26.065 GC heap after
Heap after GC invocations=5 (full 0):
 PSYoungGen      total 76288K, used 6316K [0x000000076af00000, 0x0000000773e00000, 0x00000007c0000000)
  eden space 65536K, 0% used [0x000000076af00000,0x000000076af00000,0x000000076ef00000)
  from space 10752K, 58% used [0x000000076ef00000,0x000000076f52b3d0,0x000000076f980000)
  to   space 7680K, 0% used [0x0000000773680000,0x0000000773680000,0x0000000773e00000)
 ParOldGen       total 175104K, used 64K [0x00000006c0c00000, 0x00000006cb700000, 0x000000076af00000)
  object space 175104K, 0% used [0x00000006c0c00000,0x00000006c0c10000,0x00000006cb700000)
 Metaspace       used 20850K, capacity 21114K, committed 21296K, reserved 1069056K
  class space    used 2500K, capacity 2586K, committed 2608K, reserved 1048576K
}
Event: 26.065 GC heap before
{Heap before GC invocations=6 (full 1):
 PSYoungGen      total 76288K, used 6316K [0x000000076af00000, 0x0000000773e00000, 0x00000007c0000000)
  eden space 65536K, 0% used [0x000000076af00000,0x000000076af00000,0x000000076ef00000)
  from space 10752K, 58% used [0x000000076ef00000,0x000000076f52b3d0,0x000000076f980000)
  to   space 7680K, 0% used [0x0000000773680000,0x0000000773680000,0x0000000773e00000)
 ParOldGen       total 175104K, used 64K [0x00000006c0c00000, 0x00000006cb700000, 0x000000076af00000)
  object space 175104K, 0% used [0x00000006c0c00000,0x00000006c0c10000,0x00000006cb700000)
 Metaspace       used 20850K, capacity 21114K, committed 21296K, reserved 1069056K
  class space    used 2500K, capacity 2586K, committed 2608K, reserved 1048576K
Event: 26.083 GC heap after
Heap after GC invocations=6 (full 1):
 PSYoungGen      total 76288K, used 0K [0x000000076af00000, 0x0000000773e00000, 0x00000007c0000000)
  eden space 65536K, 0% used [0x000000076af00000,0x000000076af00000,0x000000076ef00000)
  from space 10752K, 0% used [0x000000076ef00000,0x000000076ef00000,0x000000076f980000)
  to   space 7680K, 0% used [0x0000000773680000,0x0000000773680000,0x0000000773e00000)
 ParOldGen       total 74240K, used 6157K [0x00000006c0c00000, 0x00000006c5480000, 0x000000076af00000)
  object space 74240K, 8% used [0x00000006c0c00000,0x00000006c1203798,0x00000006c5480000)
 Metaspace       used 20850K, capacity 21114K, committed 21296K, reserved 1069056K
  class space    used 2500K, capacity 2586K, committed 2608K, reserved 1048576K
}
Event: 32.060 GC heap before
{Heap before GC invocations=7 (full 1):
 PSYoungGen      total 76288K, used 65536K [0x000000076af00000, 0x0000000773e00000, 0x00000007c0000000)
  eden space 65536K, 100% used [0x000000076af00000,0x000000076ef00000,0x000000076ef00000)
  from space 10752K, 0% used [0x000000076ef00000,0x000000076ef00000,0x000000076f980000)
  to   space 7680K, 0% used [0x0000000773680000,0x0000000773680000,0x0000000773e00000)
 ParOldGen       total 74240K, used 6157K [0x00000006c0c00000, 0x00000006c5480000, 0x000000076af00000)
  object space 74240K, 8% used [0x00000006c0c00000,0x00000006c1203798,0x00000006c5480000)
 Metaspace       used 25091K, capacity 25448K, committed 25904K, reserved 1071104K
  class space    used 3117K, capacity 3254K, committed 3376K, reserved 1048576K
Event: 32.067 GC heap after
Heap after GC invocations=7 (full 1):
 PSYoungGen      total 120320K, used 7673K [0x000000076af00000, 0x0000000776000000, 0x00000007c0000000)
  eden space 112640K, 0% used [0x000000076af00000,0x000000076af00000,0x0000000771d00000)
  from space 7680K, 99% used [0x0000000773680000,0x0000000773dfe7e8,0x0000000773e00000)
  to   space 26112K, 0% used [0x0000000771d00000,0x0000000771d00000,0x0000000773680000)
 ParOldGen       total 74240K, used 36765K [0x00000006c0c00000, 0x00000006c5480000, 0x000000076af00000)
  object space 74240K, 49% used [0x00000006c0c00000,0x00000006c2fe7678,0x00000006c5480000)
 Metaspace       used 25091K, capacity 25448K, committed 25904K, reserved 1071104K
  class space    used 3117K, capacity 3254K, committed 3376K, reserved 1048576K
}
Event: 40.240 GC heap before
{Heap before GC invocations=8 (full 1):
 PSYoungGen      total 120320K, used 120313K [0x000000076af00000, 0x0000000776000000, 0x00000007c0000000)
  eden space 112640K, 100% used [0x000000076af00000,0x0000000771d00000,0x0000000771d00000)
  from space 7680K, 99% used [0x0000000773680000,0x0000000773dfe7e8,0x0000000773e00000)
  to   space 26112K, 0% used [0x0000000771d00000,0x0000000771d00000,0x0000000773680000)
 ParOldGen       total 74240K, used 36765K [0x00000006c0c00000, 0x00000006c5480000, 0x000000076af00000)
  object space 74240K, 49% used [0x00000006c0c00000,0x00000006c2fe7678,0x00000006c5480000)
 Metaspace       used 25112K, capacity 25448K, committed 25904K, reserved 1071104K
  class space    used 3117K, capacity 3254K, committed 3376K, reserved 1048576K
Event: 40.244 GC heap after
Heap after GC invocations=8 (full 1):
 PSYoungGen      total 138752K, used 12465K [0x000000076af00000, 0x000000077b780000, 0x00000007c0000000)
  eden space 112640K, 0% used [0x000000076af00000,0x000000076af00000,0x0000000771d00000)
  from space 26112K, 47% used [0x0000000771d00000,0x000000077292c4e8,0x0000000773680000)
  to   space 25088K, 0% used [0x0000000779f00000,0x0000000779f00000,0x000000077b780000)
 ParOldGen       total 74240K, used 36773K [0x00000006c0c00000, 0x00000006c5480000, 0x000000076af00000)
  object space 74240K, 49% used [0x00000006c0c00000,0x00000006c2fe9678,0x00000006c5480000)
 Metaspace       used 25112K, capacity 25448K, committed 25904K, reserved 1071104K
  class space    used 3117K, capacity 3254K, committed 3376K, reserved 1048576K
}
Event: 49.426 GC heap before
{Heap before GC invocations=9 (full 1):
 PSYoungGen      total 138752K, used 125105K [0x000000076af00000, 0x000000077b780000, 0x00000007c0000000)
  eden space 112640K, 100% used [0x000000076af00000,0x0000000771d00000,0x0000000771d00000)
  from space 26112K, 47% used [0x0000000771d00000,0x000000077292c4e8,0x0000000773680000)
  to   space 25088K, 0% used [0x0000000779f00000,0x0000000779f00000,0x000000077b780000)
 ParOldGen       total 74240K, used 36773K [0x00000006c0c00000, 0x00000006c5480000, 0x000000076af00000)
  object space 74240K, 49% used [0x00000006c0c00000,0x00000006c2fe9678,0x00000006c5480000)
 Metaspace       used 25149K, capacity 25448K, committed 25904K, reserved 1071104K
  class space    used 3123K, capacity 3254K, committed 3376K, reserved 1048576K
Event: 49.431 GC heap after
Heap after GC invocations=9 (full 1):
 PSYoungGen      total 241664K, used 12801K [0x000000076af00000, 0x000000077b480000, 0x00000007c0000000)
  eden space 219648K, 0% used [0x000000076af00000,0x000000076af00000,0x0000000778580000)
  from space 22016K, 58% used [0x0000000779f00000,0x000000077ab805c8,0x000000077b480000)
  to   space 24064K, 0% used [0x0000000778580000,0x0000000778580000,0x0000000779d00000)
 ParOldGen       total 74240K, used 36773K [0x00000006c0c00000, 0x00000006c5480000, 0x000000076af00000)
  object space 74240K, 49% used [0x00000006c0c00000,0x00000006c2fe9678,0x00000006c5480000)
 Metaspace       used 25149K, capacity 25448K, committed 25904K, reserved 1071104K
  class space    used 3123K, capacity 3254K, committed 3376K, reserved 1048576K
}

Deoptimization events (10 events):
Event: 72.933 Thread 0x000000002028e800 Uncommon trap: reason=bimorphic action=maybe_recompile pc=0x000000000342fd2c method=sun.java2d.SunGraphics2D.validateColor()V @ 95
Event: 72.933 Thread 0x000000002028e800 Uncommon trap: reason=bimorphic action=maybe_recompile pc=0x0000000003891254 method=sun.java2d.SunGraphics2D.validatePipe()V @ 25
Event: 72.933 Thread 0x000000002028e800 Uncommon trap: reason=bimorphic action=maybe_recompile pc=0x0000000003719848 method=sun.java2d.SunGraphics2D.validateColor()V @ 95
Event: 72.933 Thread 0x000000002028e800 Uncommon trap: reason=bimorphic action=maybe_recompile pc=0x0000000003b74590 method=sun.java2d.SunGraphics2D.validatePipe()V @ 25
Event: 72.933 Thread 0x000000002028e800 Uncommon trap: reason=unstable_if action=reinterpret pc=0x000000000351465c method=sun.java2d.SurfaceData.getSourceSurfaceData(Ljava/awt/Image;ILsun/java2d/loops/CompositeType;Ljava/awt/Color;)Lsun/java2d/SurfaceData; @ 64
Event: 72.938 Thread 0x000000002028e800 Uncommon trap: reason=bimorphic action=maybe_recompile pc=0x0000000003891254 method=sun.java2d.SunGraphics2D.validatePipe()V @ 25
Event: 72.938 Thread 0x000000002028e800 Uncommon trap: reason=bimorphic action=maybe_recompile pc=0x0000000003b74590 method=sun.java2d.SunGraphics2D.validatePipe()V @ 25
Event: 72.946 Thread 0x000000002028e800 Uncommon trap: reason=bimorphic action=maybe_recompile pc=0x00000000038e1bdc method=sun.java2d.SunGraphics2D.validatePipe()V @ 25
Event: 72.950 Thread 0x000000002028e800 Uncommon trap: reason=bimorphic action=maybe_recompile pc=0x0000000003818d18 method=sun.java2d.SunGraphics2D.validatePipe()V @ 25
Event: 72.955 Thread 0x000000002028e800 Uncommon trap: reason=bimorphic action=maybe_recompile pc=0x00000000031d1f60 method=sun.java2d.SunGraphics2D.validatePipe()V @ 25

Classes redefined (0 events):
No events

Internal exceptions (10 events):
Event: 26.997 Thread 0x000000002028e800 Implicit null exception at 0x000000000383146f to 0x000000000383150e
Event: 26.998 Thread 0x000000002028e800 Implicit null exception at 0x000000000363fdb7 to 0x0000000003640199
Event: 26.998 Thread 0x000000002028e800 Implicit null exception at 0x00000000036472fb to 0x0000000003648439
Event: 26.998 Thread 0x000000002028e800 Implicit null exception at 0x0000000003581dd0 to 0x0000000003581e16
Event: 30.268 Thread 0x000000002028e800 Implicit null exception at 0x000000000363f0f9 to 0x000000000363f2bd
Event: 30.269 Thread 0x000000002028e800 Implicit null exception at 0x00000000034fdb59 to 0x00000000034fe691
Event: 30.275 Thread 0x000000002028e800 Implicit null exception at 0x0000000003916684 to 0x00000000039171b1
Event: 50.129 Thread 0x000000002028e800 Implicit null exception at 0x000000000380e551 to 0x000000000380fb15
Event: 63.352 Thread 0x000000002028e800 Implicit null exception at 0x0000000003a5bb67 to 0x0000000003a5c7d5
Event: 67.246 Thread 0x000000002028e800 Implicit null exception at 0x0000000003565467 to 0x0000000003565ab1

Events (10 events):
Event: 72.946 Thread 0x000000002028e800 DEOPT UNPACKING pc=0x000000000301583b sp=0x000000002166d088 mode 2
Event: 72.950 Thread 0x000000002028e800 Uncommon trap: trap_request=0xffffffc6 fr.pc=0x0000000003818d18
Event: 72.950 Thread 0x000000002028e800 DEOPT PACKING pc=0x0000000003818d18 sp=0x000000002166d140
Event: 72.950 Thread 0x000000002028e800 DEOPT UNPACKING pc=0x000000000301583b sp=0x000000002166d088 mode 2
Event: 72.955 Thread 0x000000002028e800 Uncommon trap: trap_request=0xffffffc6 fr.pc=0x00000000031d1f60
Event: 72.955 Thread 0x000000002028e800 DEOPT PACKING pc=0x00000000031d1f60 sp=0x000000002166cf80
Event: 72.955 Thread 0x000000002028e800 DEOPT UNPACKING pc=0x000000000301583b sp=0x000000002166cf20 mode 2
Event: 72.993 Thread 0x000000001e383800 flushing nmethod 0x0000000003789610
Event: 72.993 Thread 0x000000001e383800 flushing nmethod 0x00000000039261d0
Event: 72.994 Thread 0x000000001e383800 flushing nmethod 0x0000000003a16d10


Dynamic libraries:
0x00007ff69af10000 - 0x00007ff69af47000 	C:\Program Files\Java\jdk1.8.0_201\bin\java.exe
0x00007ffe3ed40000 - 0x00007ffe3ef30000 	C:\WINDOWS\SYSTEM32\ntdll.dll
0x00007ffe3dcd0000 - 0x00007ffe3dd82000 	C:\WINDOWS\System32\KERNEL32.DLL
0x00007ffe3bf10000 - 0x00007ffe3c1b4000 	C:\WINDOWS\System32\KERNELBASE.dll
0x00007ffe3dac0000 - 0x00007ffe3db63000 	C:\WINDOWS\System32\ADVAPI32.dll
0x00007ffe3e230000 - 0x00007ffe3e2ce000 	C:\WINDOWS\System32\msvcrt.dll
0x00007ffe3dd90000 - 0x00007ffe3de27000 	C:\WINDOWS\System32\sechost.dll
0x00007ffe3e090000 - 0x00007ffe3e1b0000 	C:\WINDOWS\System32\RPCRT4.dll
0x00007ffe3d5b0000 - 0x00007ffe3d744000 	C:\WINDOWS\System32\USER32.dll
0x00007ffe3c470000 - 0x00007ffe3c491000 	C:\WINDOWS\System32\win32u.dll
0x00007ffe3d580000 - 0x00007ffe3d5a6000 	C:\WINDOWS\System32\GDI32.dll
0x00007ffe3bd70000 - 0x00007ffe3bf05000 	C:\WINDOWS\System32\gdi32full.dll
0x00007ffe3bcd0000 - 0x00007ffe3bd6e000 	C:\WINDOWS\System32\msvcp_win.dll
0x00007ffe3c4a0000 - 0x00007ffe3c59a000 	C:\WINDOWS\System32\ucrtbase.dll
0x00007ffe2b740000 - 0x00007ffe2b9c4000 	C:\WINDOWS\WinSxS\amd64_microsoft.windows.common-controls_6595b64144ccf1df_6.0.18362.900_none_e6beb9d913147d17\COMCTL32.dll
0x00007ffe3e450000 - 0x00007ffe3e785000 	C:\WINDOWS\System32\combase.dll
0x00007ffe3c3c0000 - 0x00007ffe3c440000 	C:\WINDOWS\System32\bcryptPrimitives.dll
0x00007ffe3e790000 - 0x00007ffe3e7be000 	C:\WINDOWS\System32\IMM32.DLL
0x0000000057eb0000 - 0x0000000057f81000 	C:\Program Files\Java\jdk1.8.0_201\jre\bin\msvcr100.dll
0x0000000055a00000 - 0x00000000562a4000 	C:\Program Files\Java\jdk1.8.0_201\jre\bin\server\jvm.dll
0x00007ffe3ecf0000 - 0x00007ffe3ecf8000 	C:\WINDOWS\System32\PSAPI.DLL
0x00007ffe30260000 - 0x00007ffe30269000 	C:\WINDOWS\SYSTEM32\WSOCK32.dll
0x00007ffe36380000 - 0x00007ffe3638a000 	C:\WINDOWS\SYSTEM32\VERSION.dll
0x00007ffe39cf0000 - 0x00007ffe39d14000 	C:\WINDOWS\SYSTEM32\WINMM.dll
0x00007ffe3e2d0000 - 0x00007ffe3e33f000 	C:\WINDOWS\System32\WS2_32.dll
0x00007ffe39bc0000 - 0x00007ffe39bed000 	C:\WINDOWS\SYSTEM32\WINMMBASE.dll
0x00007ffe3c370000 - 0x00007ffe3c3ba000 	C:\WINDOWS\System32\cfgmgr32.dll
0x00007ffe3a210000 - 0x00007ffe3a21f000 	C:\Program Files\Java\jdk1.8.0_201\jre\bin\verify.dll
0x00007ffe396b0000 - 0x00007ffe396d9000 	C:\Program Files\Java\jdk1.8.0_201\jre\bin\java.dll
0x00007ffe39e00000 - 0x00007ffe39e16000 	C:\Program Files\Java\jdk1.8.0_201\jre\bin\zip.dll
0x00007ffe3ce90000 - 0x00007ffe3d576000 	C:\WINDOWS\System32\SHELL32.dll
0x00007ffe3dfe0000 - 0x00007ffe3e089000 	C:\WINDOWS\System32\shcore.dll
0x00007ffe3c650000 - 0x00007ffe3cdd0000 	C:\WINDOWS\System32\windows.storage.dll
0x00007ffe3bc80000 - 0x00007ffe3bca3000 	C:\WINDOWS\System32\profapi.dll
0x00007ffe3bc30000 - 0x00007ffe3bc7a000 	C:\WINDOWS\System32\powrprof.dll
0x00007ffe3bc00000 - 0x00007ffe3bc10000 	C:\WINDOWS\System32\UMPDC.dll
0x00007ffe3e7c0000 - 0x00007ffe3e812000 	C:\WINDOWS\System32\shlwapi.dll
0x00007ffe3bcb0000 - 0x00007ffe3bcc1000 	C:\WINDOWS\System32\kernel.appcore.dll
0x00007ffe3cdd0000 - 0x00007ffe3cde7000 	C:\WINDOWS\System32\cryptsp.dll
0x00007ffe076b0000 - 0x00007ffe07849000 	C:\Program Files\Java\jdk1.8.0_201\jre\bin\awt.dll
0x00007ffe3de40000 - 0x00007ffe3df05000 	C:\WINDOWS\System32\OLEAUT32.dll
0x00007ffe39e70000 - 0x00007ffe39eff000 	C:\WINDOWS\SYSTEM32\apphelp.dll
0x00007ffe39c50000 - 0x00007ffe39ce9000 	C:\WINDOWS\system32\uxtheme.dll
0x00007ffe3d750000 - 0x00007ffe3d885000 	C:\WINDOWS\System32\MSCTF.dll
0x00007ffe3db70000 - 0x00007ffe3dcc7000 	C:\WINDOWS\System32\ole32.dll
0x00007ffe3a4b0000 - 0x00007ffe3a4dd000 	C:\WINDOWS\system32\DWMAPI.DLL
0x00007ffe30760000 - 0x00007ffe307a7000 	C:\Program Files\Java\jdk1.8.0_201\jre\bin\fontmanager.dll
0x00007ffe07550000 - 0x00007ffe076a6000 	C:\WINDOWS\system32\opengl32.dll
0x00007ffe35250000 - 0x00007ffe3527c000 	C:\WINDOWS\SYSTEM32\GLU32.dll
0x00007ffe3a870000 - 0x00007ffe3a890000 	C:\WINDOWS\SYSTEM32\dxcore.dll
0x00007ffe12aa0000 - 0x00007ffe12c67000 	C:\WINDOWS\system32\d3d9.dll
0x00007ffe33240000 - 0x00007ffe33342000 	C:\WINDOWS\System32\DriverStore\FileRepository\nv_dispi.inf_amd64_2b99a29f071e5d25\nvldumdx.dll
0x00007ffe3c220000 - 0x00007ffe3c369000 	C:\WINDOWS\System32\crypt32.dll
0x00007ffe3bc10000 - 0x00007ffe3bc22000 	C:\WINDOWS\System32\MSASN1.dll
0x00007ffe36350000 - 0x00007ffe3637f000 	C:\WINDOWS\SYSTEM32\cryptnet.dll
0x00007ffe3b640000 - 0x00007ffe3b64c000 	C:\WINDOWS\SYSTEM32\cryptbase.dll
0x00007ffe3c1c0000 - 0x00007ffe3c21c000 	C:\WINDOWS\System32\WINTRUST.DLL
0x00007ffe3ce60000 - 0x00007ffe3ce7d000 	C:\WINDOWS\System32\imagehlp.dll
0x00007ffe3af80000 - 0x00007ffe3afb3000 	C:\WINDOWS\system32\rsaenh.dll
0x00007ffe3c440000 - 0x00007ffe3c466000 	C:\WINDOWS\System32\bcrypt.dll
0x00007ffdeacd0000 - 0x00007ffdec472000 	C:\WINDOWS\System32\DriverStore\FileRepository\nv_dispi.inf_amd64_2b99a29f071e5d25\nvd3dumx.dll
0x00007ffdfe780000 - 0x00007ffdfea37000 	C:\WINDOWS\system32\nvspcap64.dll
0x00007ffe3ac60000 - 0x00007ffe3ac91000 	C:\WINDOWS\SYSTEM32\ntmarta.dll
0x00007ffe3a820000 - 0x00007ffe3a842000 	C:\WINDOWS\SYSTEM32\gpapi.dll
0x00007ffe3bb20000 - 0x00007ffe3bb45000 	C:\WINDOWS\SYSTEM32\USERENV.dll
0x00007ffe39690000 - 0x00007ffe396aa000 	C:\Program Files\Java\jdk1.8.0_201\jre\bin\net.dll
0x00007ffe32820000 - 0x00007ffe329f6000 	C:\WINDOWS\SYSTEM32\urlmon.dll
0x00007ffe31d20000 - 0x00007ffe31fc6000 	C:\WINDOWS\SYSTEM32\iertutil.dll
0x00007ffe3b470000 - 0x00007ffe3b4d7000 	C:\WINDOWS\system32\mswsock.dll
0x00007ffe3b180000 - 0x00007ffe3b1ba000 	C:\WINDOWS\SYSTEM32\IPHLPAPI.DLL
0x00007ffe3ce80000 - 0x00007ffe3ce88000 	C:\WINDOWS\System32\NSI.dll
0x00007ffe362e0000 - 0x00007ffe362f6000 	C:\WINDOWS\SYSTEM32\dhcpcsvc6.DLL
0x00007ffe361c0000 - 0x00007ffe361dc000 	C:\WINDOWS\SYSTEM32\dhcpcsvc.DLL
0x00007ffe3b1c0000 - 0x00007ffe3b28b000 	C:\WINDOWS\SYSTEM32\DNSAPI.dll
0x00007ffe34460000 - 0x00007ffe34471000 	C:\Program Files\Java\jdk1.8.0_201\jre\bin\nio.dll
0x00007ffe3e340000 - 0x00007ffe3e3e2000 	C:\WINDOWS\System32\clbcatq.dll
0x00007ffe35dc0000 - 0x00007ffe35f6f000 	C:\WINDOWS\SYSTEM32\WindowsCodecs.dll
0x00007ffe12d70000 - 0x00007ffe12daa000 	C:\WINDOWS\system32\dataexchange.dll
0x00007ffe392e0000 - 0x00007ffe3953b000 	C:\WINDOWS\system32\d3d11.dll
0x00007ffe39890000 - 0x00007ffe39a6c000 	C:\WINDOWS\system32\dcomp.dll
0x00007ffe3a900000 - 0x00007ffe3a9eb000 	C:\WINDOWS\system32\dxgi.dll
0x00007ffe39f70000 - 0x00007ffe3a1d1000 	C:\WINDOWS\system32\twinapi.appcore.dll
0x00007ffe3a480000 - 0x00007ffe3a4a9000 	C:\WINDOWS\system32\RMCLIENT.dll
0x00007ffe306f0000 - 0x00007ffe30732000 	C:\Program Files\Java\jdk1.8.0_201\jre\bin\t2k.dll
0x00007ffe098b0000 - 0x00007ffe0994e000 	C:\WINDOWS\System32\TextInputFramework.dll
0x00007ffe39720000 - 0x00007ffe397f4000 	C:\WINDOWS\System32\CoreMessaging.dll
0x00007ffe36490000 - 0x00007ffe367ba000 	C:\WINDOWS\System32\CoreUIComponents.dll
0x00007ffe36f30000 - 0x00007ffe37083000 	C:\WINDOWS\SYSTEM32\wintypes.dll
0x00007ffe33df0000 - 0x00007ffe33e1a000 	C:\Program Files\Java\jdk1.8.0_201\jre\bin\dcpr.dll
0x00007ffe39650000 - 0x00007ffe3965d000 	C:\Program Files\Java\jdk1.8.0_201\jre\bin\management.dll
0x00007ffe34ea0000 - 0x00007ffe34eaa000 	C:\Windows\System32\rasadhlp.dll
0x00007ffe35b70000 - 0x00007ffe35be7000 	C:\WINDOWS\System32\fwpuclnt.dll
0x00007ffe2d080000 - 0x00007ffe2d0a4000 	C:\Program Files\Java\jdk1.8.0_201\jre\bin\sunec.dll
0x00007ffe166a0000 - 0x00007ffe166b6000 	C:\WINDOWS\system32\napinsp.dll
0x00007ffe16240000 - 0x00007ffe1625a000 	C:\WINDOWS\system32\pnrpnsp.dll
0x00007ffe18970000 - 0x00007ffe1897e000 	C:\WINDOWS\System32\winrnr.dll
0x00007ffe38450000 - 0x00007ffe3846c000 	C:\WINDOWS\system32\NLAapi.dll
0x00007ffe165d0000 - 0x00007ffe165e5000 	C:\WINDOWS\system32\wshbth.dll
0x00007ffe2ca90000 - 0x00007ffe2cac1000 	C:\Program Files\Java\jdk1.8.0_201\jre\bin\jpeg.dll

VM Arguments:
java_command: Pages.logIn
java_class_path (initial): C:\Desarrollo\FermeEscritorio\target\classes;C:\Users\David\.m2\repository\org\jfree\jfreechart\1.5.0\jfreechart-1.5.0.jar;C:\Users\David\.m2\repository\jexcelapi\jxl\2.4.2\jxl-2.4.2.jar;C:\Users\David\.m2\repository\org\apache\poi\poi-ooxml\3.9\poi-ooxml-3.9.jar;C:\Users\David\.m2\repository\org\apache\poi\poi\3.9\poi-3.9.jar;C:\Users\David\.m2\repository\commons-codec\commons-codec\1.14\commons-codec-1.14.jar;C:\Users\David\.m2\repository\org\apache\poi\poi-ooxml-schemas\3.9\poi-ooxml-schemas-3.9.jar;C:\Users\David\.m2\repository\org\apache\xmlbeans\xmlbeans\2.3.0\xmlbeans-2.3.0.jar;C:\Users\David\.m2\repository\stax\stax-api\1.0.1\stax-api-1.0.1.jar;C:\Users\David\.m2\repository\dom4j\dom4j\1.6.1\dom4j-1.6.1.jar;C:\Users\David\.m2\repository\xml-apis\xml-apis\1.0.b2\xml-apis-1.0.b2.jar;C:\Users\David\.m2\repository\com\sun\mail\javax.mail\1.6.2\javax.mail-1.6.2.jar;C:\Users\David\.m2\repository\javax\activation\activation\1.1\activation-1.1.jar;C:\Users\David\.m2\repository\com\oracle\ojdbc\ojdbc8\19.3.0.0\ojdbc8-19.3.0.0.jar;C:\Users\David\.m2\repository\com\oracle\ojdbc\ucp\19.3.0.0\ucp-19.3.0.0.jar;C:\Users\David\.m2\repository\com\oracle\ojdbc\oraclepki\19.3.0.0\oraclepki-19.3.0.0.jar;C:\Users\David\.m2\repository\com\oracle\ojdbc\osdt_cert\19.3.0.0\osdt_cert-19.3.0.0.jar;C:\Users\David\.m2\repository\com\oracle\ojdbc\osdt_core\19.3.0.0\osdt_core-19.3.0.0.jar;C:\Users\David\.m2\repository\com\oracle\ojdbc\simplefan\19.3.0.0\simplefan-19.3.0.0.jar;C:\Users\David\.m2\repository\com\oracle\ojdbc\ons\19.3.0.0\ons-19.3.0.0.jar;C:\Users\David\.m2\repository\org\springframework\boot\spring-boot\2.3.0.RELEASE\spring-boot-2.3.0.RELEASE.jar;C:\Users\David\.m2\repository\org\springframework\spring-core\5.2.6.RELEASE\spring-core-5.2.6.RELEASE.jar;C:\Users\David\.m2\repository\org\springframework\spring-jcl\5.2.6.RELEASE\spring-jcl-5.2.6.RELEASE.jar;C:\Users\David\.m2\repository\org\springframework\spring-context\5.2.6.RELEASE\spring-context-5
Launcher Type: SUN_STANDARD

Environment Variables:
JAVA_HOME=C:\Program Files\Java\jdk1.8.0_201
CLASSPATH=.;
PATH=C:\oraclexe\app\oracle\product\11.2.0\server\bin;;C:\Program Files (x86)\Common Files\Oracle\Java\javapath;C:\oraclexe\app\oracle\product\11.2.0\server\bin;C:\Program Files (x86)\Razer\ChromaBroadcast\bin;C:\Program Files\Razer\ChromaBroadcast\bin;C:\Windows\system32;C:\Windows;C:\Windows\System32\Wbem;C:\Windows\System32\WindowsPowerShell\v1.0\;C:\Windows\System32\OpenSSH\;C:\Program Files (x86)\NVIDIA Corporation\PhysX\Common;C:\Program Files\NVIDIA Corporation\NVIDIA NvDLISR;C:\Windows\system32\config\systemprofile\AppData\Local\Microsoft\WindowsApps;C:\Program Files\dotnet\;C:\Program Files\Microsoft SQL Server\130\Tools\Binn\;C:\Program Files\Microsoft SQL Server\Client SDK\ODBC\170\Tools\Binn\;C:\Program Files\Microsoft SQL Server\Client SDK\ODBC\130\Tools\Binn\;C:\Program Files (x86)\Microsoft SQL Server\140\Tools\Binn\;C:\Program Files\Microsoft SQL Server\140\Tools\Binn\;C:\Program Files\Microsoft SQL Server\140\DTS\Binn\;c:\Program Files\Microsoft SQL Server\110\Tools\Binn\;c:\Program Files (x86)\Microsoft SQL Server\110\Tools\Binn\;c:\Program Files\Microsoft SQL Server\110\DTS\Binn\;c:\Program Files (x86)\Microsoft SQL Server\110\Tools\Binn\ManagementStudio\;c:\Program Files (x86)\Microsoft SQL Server\110\DTS\Binn\;C:\WINDOWS\system32;C:\WINDOWS;C:\WINDOWS\System32\Wbem;C:\WINDOWS\System32\WindowsPowerShell\v1.0\;C:\WINDOWS\System32\OpenSSH\;C:\Program Files\Git\cmd;C:\ProgramData\chocolatey\bin;C:\Program Files\Java\jdk1.8.0_211\bin;C:\Program Files\NetBeans-11.1\apache-maven-3.6.3\bin;C:\Users\David\AppData\Local\Programs\Microsoft VS Code\bin
USERNAME=David
OS=Windows_NT
PROCESSOR_IDENTIFIER=Intel64 Family 6 Model 158 Stepping 10, GenuineIntel



---------------  S Y S T E M  ---------------

OS: Windows 10.0 , 64 bit Build 18362 (10.0.18362.900)

CPU:total 12 (initial active 12) (6 cores per cpu, 2 threads per core) family 6 model 158 stepping 10, cmov, cx8, fxsr, mmx, sse, sse2, sse3, ssse3, sse4.1, sse4.2, popcnt, avx, avx2, aes, clmul, erms, rtm, 3dnowpref, lzcnt, ht, tsc, tscinvbit, bmi1, bmi2, adx

Memory: 4k page, physical 16722184k(5995496k free), swap 24914184k(744k free)

vm_info: Java HotSpot(TM) 64-Bit Server VM (25.201-b09) for windows-amd64 JRE (1.8.0_201-b09), built on Dec 15 2018 18:36:39 by "java_re" with MS VC++ 10.0 (VS2010)

time: Tue Jul 14 05:41:56 2020
timezone: Pacific SA Standard Time
elapsed time: 73 seconds (0d 0h 1m 13s)

