#
# There is insufficient memory for the Java Runtime Environment to continue.
# Native memory allocation (malloc) failed to allocate 65552 bytes for Chunk::new
# Possible reasons:
#   The system is out of physical RAM or swap space
#   The process is running with CompressedOops enabled, and the Java Heap may be blocking the growth of the native heap
# Possible solutions:
#   Reduce memory load on the system
#   Increase physical memory or swap space
#   Check if swap backing store is full
#   Decrease Java heap size (-Xmx/-Xms)
#   Decrease number of Java threads
#   Decrease Java thread stack sizes (-Xss)
#   Set larger code cache with -XX:ReservedCodeCacheSize=
#   JVM is running with Zero Based Compressed Oops mode in which the Java heap is
#     placed in the first 32GB address space. The Java Heap base address is the
#     maximum limit for the native heap growth. Please use -XX:HeapBaseMinAddress
#     to set the Java Heap base and to place the Java Heap above 32GB virtual address.
# This output file may be truncated or incomplete.
#
#  Out of Memory Error (allocation.cpp:390), pid=27384, tid=0x0000000000007dbc
#
# JRE version: Java(TM) SE Runtime Environment (8.0_201-b09) (build 1.8.0_201-b09)
# Java VM: Java HotSpot(TM) 64-Bit Server VM (25.201-b09 mixed mode windows-amd64 compressed oops)
# Failed to write core dump. Minidumps are not enabled by default on client versions of Windows
#

---------------  T H R E A D  ---------------

Current thread (0x000000001e246000):  JavaThread "C2 CompilerThread1" daemon [_thread_in_native, id=32188, stack(0x000000001f980000,0x000000001fa80000)]

Stack: [0x000000001f980000,0x000000001fa80000]
[error occurred during error reporting (printing stack bounds), id 0xc0000005]

Native frames: (J=compiled Java code, j=interpreted, Vv=VM code, C=native code)


Current CompileTask:
C2:  74897 2749  s    4       org.fusesource.jansi.AnsiPrintStream::filter (948 bytes)


---------------  P R O C E S S  ---------------

Java Threads: ( => current thread )
  0x0000000022618000 JavaThread "Exec Input Stream Pumper" daemon [_thread_blocked, id=23524, stack(0x0000000024210000,0x0000000024310000)]
  0x00000000216aa000 JavaThread "Exec Stream Pumper" daemon [_thread_in_native, id=22064, stack(0x0000000023060000,0x0000000023160000)]
  0x000000002224f000 JavaThread "Exec Stream Pumper" daemon [_thread_in_native, id=13012, stack(0x0000000022f60000,0x0000000023060000)]
  0x000000001e2fb800 JavaThread "Service Thread" daemon [_thread_blocked, id=16032, stack(0x000000001fc80000,0x000000001fd80000)]
  0x000000001e24c800 JavaThread "C1 CompilerThread3" daemon [_thread_blocked, id=516, stack(0x000000001fb80000,0x000000001fc80000)]
  0x000000001e24c000 JavaThread "C2 CompilerThread2" daemon [_thread_blocked, id=15856, stack(0x000000001fa80000,0x000000001fb80000)]
=>0x000000001e246000 JavaThread "C2 CompilerThread1" daemon [_thread_in_native, id=32188, stack(0x000000001f980000,0x000000001fa80000)]
  0x000000001e240000 JavaThread "C2 CompilerThread0" daemon [_thread_blocked, id=18980, stack(0x000000001f880000,0x000000001f980000)]
  0x000000001e23d800 JavaThread "Attach Listener" daemon [_thread_blocked, id=19112, stack(0x000000001f780000,0x000000001f880000)]
  0x000000001e23c800 JavaThread "Signal Dispatcher" daemon [_thread_blocked, id=16192, stack(0x000000001f680000,0x000000001f780000)]
  0x000000001cb53000 JavaThread "Finalizer" daemon [_thread_blocked, id=17036, stack(0x000000001f480000,0x000000001f580000)]
  0x000000001e223000 JavaThread "Reference Handler" daemon [_thread_blocked, id=31524, stack(0x000000001f380000,0x000000001f480000)]
  0x0000000002d9e800 JavaThread "main" [_thread_in_native, id=28636, stack(0x0000000002c20000,0x0000000002d20000)]

Other Threads:
  0x000000001cb47000 VMThread [stack: 0x000000001f280000,0x000000001f380000] [id=26780]
  0x000000001e2fe000 WatcherThread [stack: 0x000000001fd80000,0x000000001fe80000] [id=10268]

VM state:not at safepoint (normal execution)

VM Mutex/Monitor currently owned by a thread: None

heap address: 0x00000006c0c00000, size: 4084 MB, Compressed Oops mode: Zero based, Oop shift amount: 3
Narrow klass base: 0x0000000000000000, Narrow klass shift: 3
Compressed class space size: 1073741824 Address: 0x00000007c0000000

Heap:
 PSYoungGen      total 76288K, used 37134K [0x000000076af00000, 0x0000000770400000, 0x00000007c0000000)
  eden space 65536K, 40% used [0x000000076af00000,0x000000076c8c4028,0x000000076ef00000)
  from space 10752K, 99% used [0x000000076f980000,0x00000007703ff980,0x0000000770400000)
  to   space 10752K, 0% used [0x000000076ef00000,0x000000076ef00000,0x000000076f980000)
 ParOldGen       total 175104K, used 478K [0x00000006c0c00000, 0x00000006cb700000, 0x000000076af00000)
  object space 175104K, 0% used [0x00000006c0c00000,0x00000006c0c77858,0x00000006cb700000)
 Metaspace       used 16517K, capacity 16874K, committed 17280K, reserved 1064960K
  class space    used 1966K, capacity 2050K, committed 2176K, reserved 1048576K

Card table byte_map: [0x0000000012260000,0x0000000012a60000] byte_map_base: 0x000000000ec5a000

Marking Bits: (ParMarkBitMap*) 0x0000000056224ce0
 Begin Bits: [0x00000000139c0000, 0x0000000017990000)
 End Bits:   [0x0000000017990000, 0x000000001b960000)

Polling page: 0x0000000001350000

CodeCache: size=245760Kb used=9372Kb max_used=9407Kb free=236387Kb
 bounds [0x0000000002ea0000, 0x00000000037f0000, 0x0000000011ea0000]
 total_blobs=3108 nmethods=2747 adapters=273
 compilation: enabled

Compilation events (10 events):
Event: 6.128 Thread 0x000000001e24c000 nmethod 2743 0x00000000037b3d50 code [0x00000000037b3ea0, 0x00000000037b4228]
Event: 74.872 Thread 0x000000001e24c800 2745       3       org.fusesource.jansi.FilterPrintStream::write (17 bytes)
Event: 74.872 Thread 0x000000001e240000 2747       4       java.io.PrintStream::ensureOpen (18 bytes)
Event: 74.872 Thread 0x000000001e24c800 nmethod 2745 0x00000000037b5350 code [0x00000000037b54c0, 0x00000000037b57f8]
Event: 74.872 Thread 0x000000001e24c800 2748  s    3       java.io.BufferedOutputStream::write (35 bytes)
Event: 74.872 Thread 0x000000001e240000 nmethod 2747 0x00000000037ae150 code [0x00000000037ae280, 0x00000000037ae2f8]
Event: 74.872 Thread 0x000000001e24c800 nmethod 2748 0x00000000037b4b10 code [0x00000000037b4ca0, 0x00000000037b5168]
Event: 74.872 Thread 0x000000001e24c800 2746   !   3       java.io.PrintStream::write (66 bytes)
Event: 74.873 Thread 0x000000001e24c800 nmethod 2746 0x00000000037bb390 code [0x00000000037bb560, 0x00000000037bbd18]
Event: 74.896 Thread 0x000000001e246000 2749  s    4       org.fusesource.jansi.AnsiPrintStream::filter (948 bytes)

GC Heap History (4 events):
Event: 0.672 GC heap before
{Heap before GC invocations=1 (full 0):
 PSYoungGen      total 76288K, used 65536K [0x000000076af00000, 0x0000000770400000, 0x00000007c0000000)
  eden space 65536K, 100% used [0x000000076af00000,0x000000076ef00000,0x000000076ef00000)
  from space 10752K, 0% used [0x000000076f980000,0x000000076f980000,0x0000000770400000)
  to   space 10752K, 0% used [0x000000076ef00000,0x000000076ef00000,0x000000076f980000)
 ParOldGen       total 175104K, used 0K [0x00000006c0c00000, 0x00000006cb700000, 0x000000076af00000)
  object space 175104K, 0% used [0x00000006c0c00000,0x00000006c0c00000,0x00000006cb700000)
 Metaspace       used 11308K, capacity 11484K, committed 11776K, reserved 1058816K
  class space    used 1395K, capacity 1479K, committed 1536K, reserved 1048576K
Event: 0.679 GC heap after
Heap after GC invocations=1 (full 0):
 PSYoungGen      total 76288K, used 9960K [0x000000076af00000, 0x0000000770400000, 0x00000007c0000000)
  eden space 65536K, 0% used [0x000000076af00000,0x000000076af00000,0x000000076ef00000)
  from space 10752K, 92% used [0x000000076ef00000,0x000000076f8ba1a0,0x000000076f980000)
  to   space 10752K, 0% used [0x000000076f980000,0x000000076f980000,0x0000000770400000)
 ParOldGen       total 175104K, used 16K [0x00000006c0c00000, 0x00000006cb700000, 0x000000076af00000)
  object space 175104K, 0% used [0x00000006c0c00000,0x00000006c0c04000,0x00000006cb700000)
 Metaspace       used 11308K, capacity 11484K, committed 11776K, reserved 1058816K
  class space    used 1395K, capacity 1479K, committed 1536K, reserved 1048576K
}
Event: 1.593 GC heap before
{Heap before GC invocations=2 (full 0):
 PSYoungGen      total 76288K, used 75496K [0x000000076af00000, 0x0000000770400000, 0x00000007c0000000)
  eden space 65536K, 100% used [0x000000076af00000,0x000000076ef00000,0x000000076ef00000)
  from space 10752K, 92% used [0x000000076ef00000,0x000000076f8ba1a0,0x000000076f980000)
  to   space 10752K, 0% used [0x000000076f980000,0x000000076f980000,0x0000000770400000)
 ParOldGen       total 175104K, used 16K [0x00000006c0c00000, 0x00000006cb700000, 0x000000076af00000)
  object space 175104K, 0% used [0x00000006c0c00000,0x00000006c0c04000,0x00000006cb700000)
 Metaspace       used 15738K, capacity 15966K, committed 16128K, reserved 1062912K
  class space    used 1885K, capacity 1978K, committed 2048K, reserved 1048576K
Event: 1.599 GC heap after
Heap after GC invocations=2 (full 0):
 PSYoungGen      total 76288K, used 10750K [0x000000076af00000, 0x0000000770400000, 0x00000007c0000000)
  eden space 65536K, 0% used [0x000000076af00000,0x000000076af00000,0x000000076ef00000)
  from space 10752K, 99% used [0x000000076f980000,0x00000007703ff980,0x0000000770400000)
  to   space 10752K, 0% used [0x000000076ef00000,0x000000076ef00000,0x000000076f980000)
 ParOldGen       total 175104K, used 478K [0x00000006c0c00000, 0x00000006cb700000, 0x000000076af00000)
  object space 175104K, 0% used [0x00000006c0c00000,0x00000006c0c77858,0x00000006cb700000)
 Metaspace       used 15738K, capacity 15966K, committed 16128K, reserved 1062912K
  class space    used 1885K, capacity 1978K, committed 2048K, reserved 1048576K
}

Deoptimization events (10 events):
Event: 1.530 Thread 0x0000000002d9e800 Uncommon trap: reason=unstable_if action=reinterpret pc=0x00000000031a68a8 method=java.util.HashMap.hash(Ljava/lang/Object;)I @ 1
Event: 1.530 Thread 0x0000000002d9e800 Uncommon trap: reason=unstable_if action=reinterpret pc=0x0000000003212990 method=java.util.HashMap.getNode(ILjava/lang/Object;)Ljava/util/HashMap$Node; @ 53
Event: 1.568 Thread 0x0000000002d9e800 Uncommon trap: reason=speculate_class_check action=maybe_recompile pc=0x0000000003610a1c method=java.nio.charset.CharsetDecoder.decode(Ljava/nio/ByteBuffer;Ljava/nio/CharBuffer;Z)Ljava/nio/charset/CoderResult; @ 57
Event: 1.568 Thread 0x0000000002d9e800 Uncommon trap: reason=speculate_class_check action=maybe_recompile pc=0x0000000003610a1c method=java.nio.charset.CharsetDecoder.decode(Ljava/nio/ByteBuffer;Ljava/nio/CharBuffer;Z)Ljava/nio/charset/CoderResult; @ 57
Event: 1.660 Thread 0x0000000002d9e800 Uncommon trap: reason=null_check action=make_not_entrant pc=0x000000000370acf0 method=org.apache.maven.model.validation.DefaultModelValidator.validateEffectiveDependency(Lorg/apache/maven/model/building/ModelProblemCollector;Lorg/apache/maven/model/Depend
Event: 1.680 Thread 0x0000000002d9e800 Uncommon trap: reason=unstable_if action=reinterpret pc=0x000000000349109c method=java.util.LinkedHashMap.afterNodeInsertion(Z)V @ 18
Event: 1.764 Thread 0x0000000002d9e800 Uncommon trap: reason=class_check action=maybe_recompile pc=0x0000000003380f8c method=com.google.inject.internal.LinkedBindingImpl.acceptTargetVisitor(Lcom/google/inject/spi/BindingTargetVisitor;)Ljava/lang/Object; @ 2
Event: 1.764 Thread 0x0000000002d9e800 Uncommon trap: reason=class_check action=maybe_recompile pc=0x0000000003380f8c method=com.google.inject.internal.LinkedBindingImpl.acceptTargetVisitor(Lcom/google/inject/spi/BindingTargetVisitor;)Ljava/lang/Object; @ 2
Event: 1.778 Thread 0x0000000002d9e800 Uncommon trap: reason=class_check action=maybe_recompile pc=0x0000000003380f8c method=com.google.inject.internal.LinkedBindingImpl.acceptTargetVisitor(Lcom/google/inject/spi/BindingTargetVisitor;)Ljava/lang/Object; @ 2
Event: 1.778 Thread 0x0000000002d9e800 Uncommon trap: reason=class_check action=maybe_recompile pc=0x0000000003380f8c method=com.google.inject.internal.LinkedBindingImpl.acceptTargetVisitor(Lcom/google/inject/spi/BindingTargetVisitor;)Ljava/lang/Object; @ 2

Classes redefined (0 events):
No events

Internal exceptions (10 events):
Event: 0.897 Thread 0x0000000002d9e800 Implicit null exception at 0x000000000311e2d6 to 0x000000000311e681
Event: 0.897 Thread 0x0000000002d9e800 Implicit null exception at 0x00000000030a0216 to 0x00000000030a05b9
Event: 0.985 Thread 0x0000000002d9e800 Implicit null exception at 0x0000000003461583 to 0x00000000034617cd
Event: 1.412 Thread 0x0000000002d9e800 Implicit null exception at 0x00000000034db049 to 0x00000000034db2f5
Event: 1.413 Thread 0x0000000002d9e800 Implicit null exception at 0x000000000343eb5d to 0x000000000343f485
Event: 1.413 Thread 0x0000000002d9e800 Implicit null exception at 0x0000000003250c55 to 0x0000000003250e59
Event: 1.413 Thread 0x0000000002d9e800 Implicit null exception at 0x00000000031f7598 to 0x00000000031f7626
Event: 1.467 Thread 0x0000000002d9e800 Implicit null exception at 0x00000000035bbb00 to 0x00000000035bcd6d
Event: 1.530 Thread 0x0000000002d9e800 Implicit null exception at 0x00000000031a682f to 0x00000000031a6899
Event: 1.660 Thread 0x0000000002d9e800 Implicit null exception at 0x000000000370a768 to 0x000000000370accd

Events (10 events):
Event: 1.800 loading class java/io/PipedOutputStream done
Event: 1.800 loading class org/apache/commons/exec/StreamPumper
Event: 1.800 loading class org/apache/commons/exec/StreamPumper done
Event: 1.800 loading class org/apache/commons/exec/StreamPumper
Event: 1.800 loading class org/apache/commons/exec/StreamPumper done
Event: 1.800 Thread 0x000000002224f000 Thread added: 0x000000002224f000
Event: 1.801 Thread 0x00000000216aa000 Thread added: 0x00000000216aa000
Event: 1.801 Thread 0x0000000022618000 Thread added: 0x0000000022618000
Event: 4.117 Executing VM operation: EnableBiasedLocking
Event: 4.118 Executing VM operation: EnableBiasedLocking done


Dynamic libraries:
0x00007ff69af10000 - 0x00007ff69af47000 	C:\Program Files\Java\jdk1.8.0_201\bin\java.exe
0x00007ffe3ed40000 - 0x00007ffe3ef30000 	C:\WINDOWS\SYSTEM32\ntdll.dll
0x00007ffe3dcd0000 - 0x00007ffe3dd82000 	C:\WINDOWS\System32\KERNEL32.DLL
0x00007ffe3bf10000 - 0x00007ffe3c1b4000 	C:\WINDOWS\System32\KERNELBASE.dll
0x00007ffe3dac0000 - 0x00007ffe3db63000 	C:\WINDOWS\System32\ADVAPI32.dll
0x00007ffe3e230000 - 0x00007ffe3e2ce000 	C:\WINDOWS\System32\msvcrt.dll
0x00007ffe3dd90000 - 0x00007ffe3de27000 	C:\WINDOWS\System32\sechost.dll
0x00007ffe3e090000 - 0x00007ffe3e1b0000 	C:\WINDOWS\System32\RPCRT4.dll
0x00007ffe3d5b0000 - 0x00007ffe3d744000 	C:\WINDOWS\System32\USER32.dll
0x00007ffe3c470000 - 0x00007ffe3c491000 	C:\WINDOWS\System32\win32u.dll
0x00007ffe3d580000 - 0x00007ffe3d5a6000 	C:\WINDOWS\System32\GDI32.dll
0x00007ffe3bd70000 - 0x00007ffe3bf05000 	C:\WINDOWS\System32\gdi32full.dll
0x00007ffe3bcd0000 - 0x00007ffe3bd6e000 	C:\WINDOWS\System32\msvcp_win.dll
0x00007ffe3c4a0000 - 0x00007ffe3c59a000 	C:\WINDOWS\System32\ucrtbase.dll
0x00007ffe2b740000 - 0x00007ffe2b9c4000 	C:\WINDOWS\WinSxS\amd64_microsoft.windows.common-controls_6595b64144ccf1df_6.0.18362.900_none_e6beb9d913147d17\COMCTL32.dll
0x00007ffe3e450000 - 0x00007ffe3e785000 	C:\WINDOWS\System32\combase.dll
0x00007ffe3c3c0000 - 0x00007ffe3c440000 	C:\WINDOWS\System32\bcryptPrimitives.dll
0x00007ffe3e790000 - 0x00007ffe3e7be000 	C:\WINDOWS\System32\IMM32.DLL
0x0000000057eb0000 - 0x0000000057f81000 	C:\Program Files\Java\jdk1.8.0_201\jre\bin\msvcr100.dll
0x0000000055a00000 - 0x00000000562a4000 	C:\Program Files\Java\jdk1.8.0_201\jre\bin\server\jvm.dll
0x00007ffe3ecf0000 - 0x00007ffe3ecf8000 	C:\WINDOWS\System32\PSAPI.DLL
0x00007ffe30260000 - 0x00007ffe30269000 	C:\WINDOWS\SYSTEM32\WSOCK32.dll
0x00007ffe39cf0000 - 0x00007ffe39d14000 	C:\WINDOWS\SYSTEM32\WINMM.dll
0x00007ffe36380000 - 0x00007ffe3638a000 	C:\WINDOWS\SYSTEM32\VERSION.dll
0x00007ffe3e2d0000 - 0x00007ffe3e33f000 	C:\WINDOWS\System32\WS2_32.dll
0x00007ffe39bc0000 - 0x00007ffe39bed000 	C:\WINDOWS\SYSTEM32\WINMMBASE.dll
0x00007ffe3c370000 - 0x00007ffe3c3ba000 	C:\WINDOWS\System32\cfgmgr32.dll
0x00007ffe3a210000 - 0x00007ffe3a21f000 	C:\Program Files\Java\jdk1.8.0_201\jre\bin\verify.dll
0x00007ffe396b0000 - 0x00007ffe396d9000 	C:\Program Files\Java\jdk1.8.0_201\jre\bin\java.dll
0x00007ffe39e00000 - 0x00007ffe39e16000 	C:\Program Files\Java\jdk1.8.0_201\jre\bin\zip.dll
0x00007ffe3ce90000 - 0x00007ffe3d576000 	C:\WINDOWS\System32\SHELL32.dll
0x00007ffe3dfe0000 - 0x00007ffe3e089000 	C:\WINDOWS\System32\shcore.dll
0x00007ffe3c650000 - 0x00007ffe3cdd0000 	C:\WINDOWS\System32\windows.storage.dll
0x00007ffe3bc80000 - 0x00007ffe3bca3000 	C:\WINDOWS\System32\profapi.dll
0x00007ffe3bc30000 - 0x00007ffe3bc7a000 	C:\WINDOWS\System32\powrprof.dll
0x00007ffe3bc00000 - 0x00007ffe3bc10000 	C:\WINDOWS\System32\UMPDC.dll
0x00007ffe3e7c0000 - 0x00007ffe3e812000 	C:\WINDOWS\System32\shlwapi.dll
0x00007ffe3bcb0000 - 0x00007ffe3bcc1000 	C:\WINDOWS\System32\kernel.appcore.dll
0x00007ffe3cdd0000 - 0x00007ffe3cde7000 	C:\WINDOWS\System32\cryptsp.dll
0x00007ffe39dc0000 - 0x00007ffe39dca000 	C:\Program Files\NetBeans-11.1\apache-maven-3.6.3\lib\jansi-native\windows64\jansi.dll
0x00007ffe39690000 - 0x00007ffe396aa000 	C:\Program Files\Java\jdk1.8.0_201\jre\bin\net.dll
0x00007ffe32820000 - 0x00007ffe329f6000 	C:\WINDOWS\SYSTEM32\urlmon.dll
0x00007ffe31d20000 - 0x00007ffe31fc6000 	C:\WINDOWS\SYSTEM32\iertutil.dll
0x00007ffe3b640000 - 0x00007ffe3b64c000 	C:\WINDOWS\SYSTEM32\CRYPTBASE.DLL
0x00007ffe3b470000 - 0x00007ffe3b4d7000 	C:\WINDOWS\system32\mswsock.dll
0x00007ffe34460000 - 0x00007ffe34471000 	C:\Program Files\Java\jdk1.8.0_201\jre\bin\nio.dll

VM Arguments:
jvm_args: -Dclassworlds.conf=C:\Program Files\NetBeans-11.1\apache-maven-3.6.3\bin\..\bin\m2.conf -Dmaven.home=C:\Program Files\NetBeans-11.1\apache-maven-3.6.3\bin\.. -Dlibrary.jansi.path=C:\Program Files\NetBeans-11.1\apache-maven-3.6.3\bin\..\lib\jansi-native -Dmaven.multiModuleProjectDirectory=C:\Desarrollo\FermeEscritorio 
java_command: org.codehaus.plexus.classworlds.launcher.Launcher -Dexec.args=-classpath %classpath Pages.logIn -Dexec.executable=C:\Program Files\Java\jdk1.8.0_201\bin\java.exe -Dmaven.ext.class.path=C:\Program Files\NetBeans-11.1\netbeans\java\maven-nblib\netbeans-eventspy.jar -Dfile.encoding=UTF-8 -Prelease-profile org.codehaus.mojo:exec-maven-plugin:1.5.0:exec
java_class_path (initial): C:\Program Files\NetBeans-11.1\apache-maven-3.6.3\bin\..\boot\plexus-classworlds-2.6.0.jar
Launcher Type: SUN_STANDARD

Environment Variables:
JAVA_HOME=C:\Program Files\Java\jdk1.8.0_201
CLASSPATH=.;
PATH=C:\oraclexe\app\oracle\product\11.2.0\server\bin;;C:\Program Files (x86)\Common Files\Oracle\Java\javapath;C:\oraclexe\app\oracle\product\11.2.0\server\bin;C:\Program Files (x86)\Razer\ChromaBroadcast\bin;C:\Program Files\Razer\ChromaBroadcast\bin;C:\Windows\system32;C:\Windows;C:\Windows\System32\Wbem;C:\Windows\System32\WindowsPowerShell\v1.0\;C:\Windows\System32\OpenSSH\;C:\Program Files (x86)\NVIDIA Corporation\PhysX\Common;C:\Program Files\NVIDIA Corporation\NVIDIA NvDLISR;C:\Windows\system32\config\systemprofile\AppData\Local\Microsoft\WindowsApps;C:\Program Files\dotnet\;C:\Program Files\Microsoft SQL Server\130\Tools\Binn\;C:\Program Files\Microsoft SQL Server\Client SDK\ODBC\170\Tools\Binn\;C:\Program Files\Microsoft SQL Server\Client SDK\ODBC\130\Tools\Binn\;C:\Program Files (x86)\Microsoft SQL Server\140\Tools\Binn\;C:\Program Files\Microsoft SQL Server\140\Tools\Binn\;C:\Program Files\Microsoft SQL Server\140\DTS\Binn\;c:\Program Files\Microsoft SQL Server\110\Tools\Binn\;c:\Program Files (x86)\Microsoft SQL Server\110\Tools\Binn\;c:\Program Files\Microsoft SQL Server\110\DTS\Binn\;c:\Program Files (x86)\Microsoft SQL Server\110\Tools\Binn\ManagementStudio\;c:\Program Files (x86)\Microsoft SQL Server\110\DTS\Binn\;C:\WINDOWS\system32;C:\WINDOWS;C:\WINDOWS\System32\Wbem;C:\WINDOWS\System32\WindowsPowerShell\v1.0\;C:\WINDOWS\System32\OpenSSH\;C:\Program Files\Git\cmd;C:\ProgramData\chocolatey\bin;C:\Program Files\Java\jdk1.8.0_211\bin;C:\Program Files\NetBeans-11.1\apache-maven-3.6.3\bin;C:\Users\David\AppData\Local\Programs\Microsoft VS Code\bin
USERNAME=David
OS=Windows_NT
PROCESSOR_IDENTIFIER=Intel64 Family 6 Model 158 Stepping 10, GenuineIntel



---------------  S Y S T E M  ---------------

OS: Windows 10.0 , 64 bit Build 18362 (10.0.18362.900)

CPU:total 12 (initial active 12) (6 cores per cpu, 2 threads per core) family 6 model 158 stepping 10, cmov, cx8, fxsr, mmx, sse, sse2, sse3, ssse3, sse4.1, sse4.2, popcnt, avx, avx2, aes, clmul, erms, rtm, 3dnowpref, lzcnt, ht, tsc, tscinvbit, bmi1, bmi2, adx

Memory: 4k page, physical 16722184k(5994616k free), swap 24914184k(744k free)

vm_info: Java HotSpot(TM) 64-Bit Server VM (25.201-b09) for windows-amd64 JRE (1.8.0_201-b09), built on Dec 15 2018 18:36:39 by "java_re" with MS VC++ 10.0 (VS2010)

time: Tue Jul 14 05:41:56 2020
timezone: Pacific SA Standard Time
elapsed time: 74 seconds (0d 0h 1m 14s)

